            --------------------------------------------------------
                             AMBER SQM VERSION 19
 
                                     By
              Ross C. Walker, Michael F. Crowley, Scott Brozell,
                         Tim Giese, Andreas W. Goetz,
                        Tai-Sung Lee and David A. Case
 
            --------------------------------------------------------
 

--------------------------------------------------------------------------------
  QM CALCULATION INFO
--------------------------------------------------------------------------------

| QMMM: Citation for AMBER QMMM Run:
| QMMM: R.C. Walker, M.F. Crowley and D.A. Case, J. COMP. CHEM. 29:1019, 2008

QMMM: SINGLET STATE CALCULATION
QMMM: RHF CALCULATION, NO. OF DOUBLY OCCUPIED LEVELS = 77

| QMMM: *** Selected Hamiltonian *** 
| QMMM: AM1         

| QMMM: *** Parameter sets in use ***
| QMMM: C : M.J.S.DEWAR et al. JACS, 107, 3902, (1985)
| QMMM: O : M.J.S.DEWAR et al. JACS, 107, 3902, (1985)
| QMMM: H : M.J.S.DEWAR et al. JACS, 107, 3902, (1985)

| QMMM: *** SCF convergence criteria ***
| QMMM: Energy change                :  0.1D-09 kcal/mol
| QMMM: Error matrix |FP-PF|         :  0.1D+00 au
| QMMM: Density matrix change        :  0.5D-06
| QMMM: Maximum number of SCF cycles :     1000

| QMMM: *** Diagonalization Routine Information ***
| QMMM: Pseudo diagonalizations are allowed.
| QMMM: Auto diagonalization routine selection is in use.
| QMMM:
| QMMM: Timing diagonalization routines:
| QMMM:                              norbs =      150
| QMMM:    diag iterations used for timing =       10
| QMMM:
| QMMM:              Internal diag routine = 0.062070 seconds
| QMMM:                 Dspev diag routine = 0.066522 seconds
| QMMM:                Dspevd diag routine = 0.026401 seconds
| QMMM:                Dspevx diag routine = 0.128988 seconds
| QMMM:                 Dsyev diag routine = 0.062683 seconds
| QMMM:                Dsyevd diag routine = 0.019669 seconds
| QMMM:                Dsyevr diag routine = 0.034667 seconds
| QMMM:
| QMMM:                Pseudo diag routine = 0.032471 seconds
| QMMM: Pseudo diagonalization appears to be slower than regular
| QMMM: diagonalization. Setting pseudo_diag=0 for optimum performance.
| QMMM:
| QMMM: Using dsyevd routine (diag_routine=6).

  QMMM: QM Region Cartesian Coordinates (*=link atom) 
  QMMM: QM_NO.   MM_NO.  ATOM         X         Y         Z
  QMMM:     1        1      C        7.6890    4.9990    1.7990
  QMMM:     2        2      O        6.5290    5.4420    1.1070
  QMMM:     3        3      C        5.4430    4.6120    1.1270
  QMMM:     4        4      C        5.3680    3.3720    1.7600
  QMMM:     5        5      C        4.1880    2.6210    1.7000
  QMMM:     6        6      C        3.0650    3.0970    1.0070
  QMMM:     7        7      C        1.8260    2.3050    0.9480
  QMMM:     8        8      C        0.8700    2.5020    1.9570
  QMMM:     9        9      C       -0.3220    1.7840    1.9630
  QMMM:    10       10      C       -0.5920    0.8500    0.9600
  QMMM:    11       11      C       -1.7900    0.1320    0.9680
  QMMM:    12       12      C       -2.0660   -0.8020   -0.0300
  QMMM:    13       13      C       -1.1590   -1.0570   -1.0780
  QMMM:    14       14      C       -1.4160   -2.0040   -2.1090
  QMMM:    15       15      C       -2.6530   -2.8000   -2.1650
  QMMM:    16       16      C       -2.7290   -4.0510   -1.5350
  QMMM:    17       17      C       -3.9030   -4.8120   -1.5860
  QMMM:    18       18      C       -5.0190   -4.3340   -2.2710
  QMMM:    19       19      O       -6.2210   -4.9720   -2.3970
  QMMM:    20       20      C       -6.3420   -6.2450   -1.7740
  QMMM:    21       21      C       -4.9490   -3.0900   -2.9030
  QMMM:    22       22      C       -3.7780   -2.3290   -2.8530
  QMMM:    23       23      C       -0.4610   -2.1990   -3.1200
  QMMM:    24       24      C        0.7310   -1.4810   -3.1270
  QMMM:    25       25      C        1.0010   -0.5470   -2.1220
  QMMM:    26       26      C        2.1980    0.1720   -2.1310
  QMMM:    27       27      C        2.4750    1.1050   -1.1320
  QMMM:    28       28      C        1.5690    1.3590   -0.0830
  QMMM:    29       29      C        0.3490    0.6290   -0.0720
  QMMM:    30       30      C        0.0600   -0.3270   -1.0900
  QMMM:    31       31      C        3.1490    4.3460    0.3770
  QMMM:    32       32      C        4.3280    5.0930    0.4380
  QMMM:    33       33      H        8.0800    4.0730    1.3630
  QMMM:    34       34      H        7.4890    4.8790    2.8690
  QMMM:    35       35      H        8.4590    5.7690    1.6890
  QMMM:    36       36      H        6.2070    2.9560    2.3070
  QMMM:    37       37      H        4.1470    1.6540    2.1980
  QMMM:    38       38      H        1.0570    3.2240    2.7500
  QMMM:    39       39      H       -1.0390    1.9640    2.7620
  QMMM:    40       40      H       -2.5260    0.2900    1.7540
  QMMM:    41       41      H       -3.0150   -1.3340    0.0230
  QMMM:    42       42      H       -1.8670   -4.4380   -0.9940
  QMMM:    43       43      H       -3.9080   -5.7720   -1.0800
  QMMM:    44       44      H       -7.3520   -6.6180   -1.9680
  QMMM:    45       45      H       -6.2190   -6.1660   -0.6890
  QMMM:    46       46      H       -5.6340   -6.9630   -2.2020
  QMMM:    47       47      H       -5.8140   -2.7100   -3.4400
  QMMM:    48       48      H       -3.7490   -1.3630   -3.3530
  QMMM:    49       49      H       -0.6490   -2.9200   -3.9140
  QMMM:    50       50      H        1.4460   -1.6580   -3.9270
  QMMM:    51       51      H        2.9330    0.0160   -2.9180
  QMMM:    52       52      H        3.4220    1.6390   -1.1870
  QMMM:    53       53      H        2.2940    4.7420   -0.1670
  QMMM:    54       54      H        4.3770    6.0600   -0.0580

--------------------------------------------------------------------------------
  RESULTS
--------------------------------------------------------------------------------

      iter         sqm energy              rms gradient
      ----    -------------------    -----------------------
xmin    10       46.6908 kcal/mol        0.1534 kcal/(mol*A)
xmin    20       46.6611 kcal/mol        0.1020 kcal/(mol*A)
xmin    30       46.6592 kcal/mol        0.0116 kcal/(mol*A)
xmin    40       46.6571 kcal/mol        0.0734 kcal/(mol*A)
xmin    50       46.6386 kcal/mol        0.1027 kcal/(mol*A)
xmin    60       46.6034 kcal/mol        0.1504 kcal/(mol*A)
xmin    70       46.4823 kcal/mol        0.2249 kcal/(mol*A)
xmin    80       46.2199 kcal/mol        0.4926 kcal/(mol*A)
xmin    90       46.1010 kcal/mol        0.1865 kcal/(mol*A)
xmin   100       46.0371 kcal/mol        0.1537 kcal/(mol*A)
xmin   110       45.9470 kcal/mol        0.0917 kcal/(mol*A)
xmin   120       45.9340 kcal/mol        0.0290 kcal/(mol*A)
xmin   130       45.9325 kcal/mol        0.0181 kcal/(mol*A)
xmin   140       45.9323 kcal/mol        0.0052 kcal/(mol*A)
xmin   150       45.9320 kcal/mol        0.0126 kcal/(mol*A)
xmin   160       45.9320 kcal/mol        0.0015 kcal/(mol*A)
xmin   170       45.9319 kcal/mol        0.0060 kcal/(mol*A)
xmin   180       45.9319 kcal/mol        0.0034 kcal/(mol*A)
xmin   190       45.9319 kcal/mol        0.0014 kcal/(mol*A)
  ... geometry converged !
 
 Final MO eigenvalues (eV):
 -41.7655  -40.6459  -40.3776  -39.3388  -38.2521  -37.7592  -36.8289  -35.0562
 -33.2238  -32.0447  -31.7505  -31.5797  -31.2875  -29.9722  -29.6596  -28.6638
 -27.7726  -27.3416  -24.6091  -24.4714  -24.1999  -23.4829  -23.1598  -23.1350
 -22.1738  -21.7689  -19.8640  -18.9750  -18.8807  -18.4467  -18.0830  -17.6448
 -17.3291  -16.9071  -16.8024  -16.7492  -16.5231  -16.5113  -15.6276  -15.3867
 -15.1981  -15.0384  -14.9953  -14.8299  -14.7527  -14.6299  -14.4554  -14.3802
 -14.2567  -14.1190  -13.9249  -13.6709  -13.5667  -13.4064  -13.3526  -13.0466
 -13.0000  -12.8164  -12.6848  -12.5664  -12.4088  -12.3328  -12.0360  -11.8993
 -11.8423  -11.7947  -11.6076  -11.2930  -10.9093  -10.1836   -9.8662   -9.8642
  -9.8268   -9.2195   -8.8975   -8.8526   -7.9150   -0.9783   -0.2331    0.1902
   0.4023    0.4056    0.4598    0.6210    0.8499    1.3765    2.2679    2.4698
   2.4703    2.5773    2.7514    2.8263    3.4732    3.4908    3.6009    3.6925
   3.6961    3.7420    3.7707    3.8027    3.8349    3.8370    3.8975    3.9359
   3.9522    3.9857    4.0295    4.0296    4.0873    4.1261    4.1927    4.1939
   4.2226    4.2739    4.2779    4.3010    4.3960    4.4291    4.4470    4.5363
   4.6134    4.6386    4.6605    4.8872    4.8972    4.9279    5.0277    5.0349
   5.0932    5.1926    5.2400    5.2759    5.2863    5.3443    5.3543    5.4169
   5.4260    5.4878    5.5163    5.5983    5.6670    5.7329    5.7746    5.8032
   5.8608    5.9796    6.0687    6.1124    6.3988    6.3992

 Heat of formation   =         45.93184547 kcal/mol  (        1.99175428 eV)

 Total SCF energy    =    -110291.14904603 kcal/mol  (    -4782.58310767 eV)
 Electronic energy   =    -901209.98732819 kcal/mol  (   -39079.39756854 eV)
 Core-core repulsion =     790918.83828216 kcal/mol  (    34296.81446087 eV)
 
    Atomic Charges for Step       1 :
  Atom    Element       Mulliken Charge
     1      C                 -0.076
     2      O                 -0.210
     3      C                  0.082
     4      C                 -0.206
     5      C                 -0.082
     6      C                 -0.079
     7      C                 -0.018
     8      C                 -0.119
     9      C                 -0.116
    10      C                 -0.033
    11      C                 -0.118
    12      C                 -0.115
    13      C                 -0.020
    14      C                 -0.018
    15      C                 -0.079
    16      C                 -0.082
    17      C                 -0.206
    18      C                  0.082
    19      O                 -0.210
    20      C                 -0.076
    21      C                 -0.159
    22      C                 -0.088
    23      C                 -0.119
    24      C                 -0.116
    25      C                 -0.033
    26      C                 -0.118
    27      C                 -0.115
    28      C                 -0.020
    29      C                 -0.016
    30      C                 -0.016
    31      C                 -0.088
    32      C                 -0.159
    33      H                  0.073
    34      H                  0.073
    35      H                  0.106
    36      H                  0.138
    37      H                  0.138
    38      H                  0.137
    39      H                  0.135
    40      H                  0.134
    41      H                  0.143
    42      H                  0.138
    43      H                  0.138
    44      H                  0.106
    45      H                  0.073
    46      H                  0.073
    47      H                  0.151
    48      H                  0.143
    49      H                  0.137
    50      H                  0.135
    51      H                  0.134
    52      H                  0.143
    53      H                  0.143
    54      H                  0.151
 Total Mulliken Charge =      -0.000
 
                  X        Y        Z     TOTAL  
  QM DIPOLE     0.921   -1.518    1.162    2.122
 
 Final Structure

  QMMM: QM Region Cartesian Coordinates (*=link atom) 
  QMMM: QM_NO.   MM_NO.  ATOM         X         Y         Z
  QMMM:     1        1      C        7.4915    5.3424    1.9458
  QMMM:     2        2      O        6.6023    5.3679    0.8355
  QMMM:     3        3      C        5.4806    4.5681    0.9344
  QMMM:     4        4      C        5.1790    3.7552    2.0329
  QMMM:     5        5      C        4.0128    2.9923    2.0162
  QMMM:     6        6      C        3.1503    3.0240    0.9143
  QMMM:     7        7      C        1.9182    2.2329    0.9272
  QMMM:     8        8      C        1.0034    2.4422    1.9684
  QMMM:     9        9      C       -0.1930    1.7392    2.0256
  QMMM:    10       10      C       -0.5099    0.7979    1.0380
  QMMM:    11       11      C       -1.7415    0.0567    1.0677
  QMMM:    12       12      C       -2.0417   -0.8490    0.1044
  QMMM:    13       13      C       -1.1428   -1.1107   -0.9898
  QMMM:    14       14      C       -1.4390   -2.0461   -2.0003
  QMMM:    15       15      C       -2.7044   -2.7823   -2.0295
  QMMM:    16       16      C       -2.6987   -4.1819   -2.0349
  QMMM:    17       17      C       -3.8915   -4.9011   -2.0854
  QMMM:    18       18      C       -5.1062   -4.2084   -2.1403
  QMMM:    19       19      O       -6.3490   -4.8085   -2.1946
  QMMM:    20       20      C       -6.3599   -6.2312   -2.1958
  QMMM:    21       21      C       -5.1289   -2.8006   -2.1446
  QMMM:    22       22      C       -3.9310   -2.1015   -2.0880
  QMMM:    23       23      C       -0.5033   -2.2898   -3.0153
  QMMM:    24       24      C        0.7062   -1.6085   -3.0558
  QMMM:    25       25      C        1.0184   -0.6595   -2.0741
  QMMM:    26       26      C        2.2606    0.0644   -2.0906
  QMMM:    27       27      C        2.5518    0.9848   -1.1385
  QMMM:    28       28      C        1.6334    1.2787   -0.0689
  QMMM:    29       29      C        0.4072    0.5611   -0.0176
  QMMM:    30       30      C        0.0916   -0.4066   -1.0309
  QMMM:    31       31      C        3.4650    3.8467   -0.1791
  QMMM:    32       32      C        4.6190    4.6182   -0.1781
  QMMM:    33       33      H        7.9015    4.3147    2.0996
  QMMM:    34       34      H        6.9786    5.7018    2.8708
  QMMM:    35       35      H        8.3043    6.0508    1.6443
  QMMM:    36       36      H        5.8450    3.7101    2.9053
  QMMM:    37       37      H        3.7693    2.3533    2.8790
  QMMM:    38       38      H        1.2402    3.1830    2.7481
  QMMM:    39       39      H       -0.9001    1.9217    2.8488
  QMMM:    40       40      H       -2.4334    0.2479    1.9026
  QMMM:    41       41      H       -2.9845   -1.4188    0.1401
  QMMM:    42       42      H       -1.7402   -4.7220   -1.9945
  QMMM:    43       43      H       -3.8640   -5.9992   -2.0820
  QMMM:    44       44      H       -7.4497   -6.4828   -2.2445
  QMMM:    45       45      H       -5.9048   -6.6303   -1.2569
  QMMM:    46       46      H       -5.8232   -6.6293   -3.0910
  QMMM:    47       47      H       -6.0932   -2.2755   -2.1943
  QMMM:    48       48      H       -3.9402   -1.0003   -2.0947
  QMMM:    49       49      H       -0.7401   -3.0307   -3.7948
  QMMM:    50       50      H        1.4253   -1.8107   -3.8639
  QMMM:    51       51      H        2.9703   -0.1563   -2.9028
  QMMM:    52       52      H        3.5103    1.5287   -1.1544
  QMMM:    53       53      H        2.7841    3.8832   -1.0440
  QMMM:    54       54      H        4.8709    5.2677   -1.0282

           --------- Calculation Completed ----------

