            --------------------------------------------------------
                             AMBER SQM VERSION 19
 
                                     By
              Ross C. Walker, Michael F. Crowley, Scott Brozell,
                         Tim Giese, Andreas W. Goetz,
                        Tai-Sung Lee and David A. Case
 
            --------------------------------------------------------
 

--------------------------------------------------------------------------------
  QM CALCULATION INFO
--------------------------------------------------------------------------------

| QMMM: Citation for AMBER QMMM Run:
| QMMM: R.C. Walker, M.F. Crowley and D.A. Case, J. COMP. CHEM. 29:1019, 2008

QMMM: SINGLET STATE CALCULATION
QMMM: RHF CALCULATION, NO. OF DOUBLY OCCUPIED LEVELS = 81

| QMMM: *** Selected Hamiltonian *** 
| QMMM: AM1         

| QMMM: *** Parameter sets in use ***
| QMMM: O : M.J.S.DEWAR et al. JACS, 107, 3902, (1985)
| QMMM: C : M.J.S.DEWAR et al. JACS, 107, 3902, (1985)
| QMMM: H : M.J.S.DEWAR et al. JACS, 107, 3902, (1985)

| QMMM: *** SCF convergence criteria ***
| QMMM: Energy change                :  0.1D-09 kcal/mol
| QMMM: Error matrix |FP-PF|         :  0.1D+00 au
| QMMM: Density matrix change        :  0.5D-06
| QMMM: Maximum number of SCF cycles :     1000

| QMMM: *** Diagonalization Routine Information ***
| QMMM: Pseudo diagonalizations are allowed.
| QMMM: Auto diagonalization routine selection is in use.
| QMMM:
| QMMM: Timing diagonalization routines:
| QMMM:                              norbs =      150
| QMMM:    diag iterations used for timing =       10
| QMMM:
| QMMM:              Internal diag routine = 0.064871 seconds
| QMMM:                 Dspev diag routine = 0.066631 seconds
| QMMM:                Dspevd diag routine = 0.026148 seconds
| QMMM:                Dspevx diag routine = 0.129294 seconds
| QMMM:                 Dsyev diag routine = 0.065028 seconds
| QMMM:                Dsyevd diag routine = 0.019606 seconds
| QMMM:                Dsyevr diag routine = 0.030570 seconds
| QMMM:
| QMMM:                Pseudo diag routine = 0.031493 seconds
| QMMM: Pseudo diagonalization appears to be slower than regular
| QMMM: diagonalization. Setting pseudo_diag=0 for optimum performance.
| QMMM:
| QMMM: Using dsyevd routine (diag_routine=6).

  QMMM: QM Region Cartesian Coordinates (*=link atom) 
  QMMM: QM_NO.   MM_NO.  ATOM         X         Y         Z
  QMMM:     1        1      O        7.5450   -0.5810   -6.4150
  QMMM:     2        2      C        7.6680    0.3640   -5.3590
  QMMM:     3        3      C        7.1420   -0.2120   -4.0480
  QMMM:     4        4      O        7.2300    0.7820   -3.0290
  QMMM:     5        5      C        6.7750    0.3080   -1.7600
  QMMM:     6        6      C        5.2690    0.3030   -1.6690
  QMMM:     7        7      C        4.5880   -0.8120   -1.1670
  QMMM:     8        8      C        3.1930   -0.8060   -1.0690
  QMMM:     9        9      C        2.4400    0.3120   -1.4620
  QMMM:    10       10      C        0.9710    0.3120   -1.3580
  QMMM:    11       11      C        0.1680    0.6370   -2.4610
  QMMM:    12       12      C       -1.2290    0.6290   -2.3620
  QMMM:    13       13      C       -2.0180    0.9810   -3.5670
  QMMM:    14       14      O       -1.5610    1.2990   -4.6490
  QMMM:    15       15      O       -3.3450    0.9170   -3.3620
  QMMM:    16       16      C       -1.8410    0.2940   -1.1470
  QMMM:    17       17      C       -1.0700   -0.0330   -0.0220
  QMMM:    18       18      C       -1.7080   -0.3830    1.2580
  QMMM:    19       19      C       -1.3730    0.2910    2.4420
  QMMM:    20       20      C       -1.9760   -0.0410    3.6600
  QMMM:    21       21      C       -2.9400   -1.0540    3.7240
  QMMM:    22       22      C       -3.5710   -1.4250    5.0440
  QMMM:    23       23      O       -4.9510   -1.7570    4.8940
  QMMM:    24       24      C       -5.8470   -0.6890    5.2010
  QMMM:    25       25      C       -5.8920    0.3940    4.1250
  QMMM:    26       26      O       -6.8920    1.3550    4.4440
  QMMM:    27       27      C       -3.2680   -1.7430    2.5490
  QMMM:    28       28      C       -2.6650   -1.4070    1.3330
  QMMM:    29       29      C        0.3310   -0.0180   -0.1490
  QMMM:    30       30      C        3.1320    1.4280   -1.9570
  QMMM:    31       31      C        4.5270    1.4260   -2.0550
  QMMM:    32       32      H        6.5960   -0.6710   -6.6110
  QMMM:    33       33      H        8.7240    0.6340   -5.2560
  QMMM:    34       34      H        7.1300    1.2780   -5.6310
  QMMM:    35       35      H        6.1040   -0.5360   -4.1810
  QMMM:    36       36      H        7.7340   -1.0930   -3.7710
  QMMM:    37       37      H        7.2010   -0.6810   -1.5550
  QMMM:    38       38      H        7.1620    0.9900   -0.9950
  QMMM:    39       39      H        5.1360   -1.6970   -0.8510
  QMMM:    40       40      H        2.6930   -1.6950   -0.6890
  QMMM:    41       41      H        0.6330    0.8870   -3.4140
  QMMM:    42       42      H       -3.7290    1.1690   -4.2280
  QMMM:    43       43      H       -2.9260    0.2980   -1.0690
  QMMM:    44       44      H       -0.6380    1.0940    2.4240
  QMMM:    45       45      H       -1.6870    0.5030    4.5570
  QMMM:    46       46      H       -3.0600   -2.3180    5.4200
  QMMM:    47       47      H       -3.4380   -0.6340    5.7920
  QMMM:    48       48      H       -6.8470   -1.1280    5.2980
  QMMM:    49       49      H       -5.6160   -0.2620    6.1840
  QMMM:    50       50      H       -4.9340    0.9140    4.0500
  QMMM:    51       51      H       -6.1170   -0.0460    3.1480
  QMMM:    52       52      H       -6.9130    1.9920    3.7090
  QMMM:    53       53      H       -4.0000   -2.5480    2.5770
  QMMM:    54       54      H       -2.9410   -1.9660    0.4420
  QMMM:    55       55      H        0.9420   -0.2710    0.7180
  QMMM:    56       56      H        2.5890    2.3200   -2.2620
  QMMM:    57       57      H        5.0370    2.3080   -2.4400

--------------------------------------------------------------------------------
  RESULTS
--------------------------------------------------------------------------------

      iter         sqm energy              rms gradient
      ----    -------------------    -----------------------
xmin    10     -213.8124 kcal/mol        0.5154 kcal/(mol*A)
xmin    20     -213.9651 kcal/mol        0.2342 kcal/(mol*A)
xmin    30     -213.9845 kcal/mol        0.0806 kcal/(mol*A)
xmin    40     -213.9925 kcal/mol        0.1322 kcal/(mol*A)
xmin    50     -213.9992 kcal/mol        0.0601 kcal/(mol*A)
xmin    60     -214.0110 kcal/mol        0.0759 kcal/(mol*A)
xmin    70     -214.0228 kcal/mol        0.2531 kcal/(mol*A)
xmin    80     -214.0274 kcal/mol        0.0186 kcal/(mol*A)
xmin    90     -214.0299 kcal/mol        0.0703 kcal/(mol*A)
xmin   100     -214.0352 kcal/mol        0.0184 kcal/(mol*A)
xmin   110     -214.0410 kcal/mol        0.0386 kcal/(mol*A)
xmin   120     -214.0446 kcal/mol        0.0109 kcal/(mol*A)
xmin   130     -214.0449 kcal/mol        0.0132 kcal/(mol*A)
xmin   140     -214.0455 kcal/mol        0.0452 kcal/(mol*A)
xmin   150     -214.0458 kcal/mol        0.0186 kcal/(mol*A)
xmin   160     -214.0462 kcal/mol        0.0076 kcal/(mol*A)
xmin   170     -214.0463 kcal/mol        0.0053 kcal/(mol*A)
xmin   180     -214.0463 kcal/mol        0.0019 kcal/(mol*A)
xmin   190     -214.0464 kcal/mol        0.0016 kcal/(mol*A)
xmin   200     -214.0464 kcal/mol        0.0077 kcal/(mol*A)
xmin   210     -214.0465 kcal/mol        0.0041 kcal/(mol*A)
xmin   220     -214.0465 kcal/mol        0.0065 kcal/(mol*A)
xmin   230     -214.0465 kcal/mol        0.0023 kcal/(mol*A)
xmin   240     -214.0465 kcal/mol        0.0016 kcal/(mol*A)
  ... geometry converged !
 
 Final MO eigenvalues (eV):
 -41.4712  -40.6119  -40.4749  -39.7704  -39.1475  -38.5377  -37.8222  -37.6701
 -36.6236  -34.7415  -33.9113  -32.0905  -31.8160  -31.4598  -31.1297  -30.0091
 -29.7900  -27.0212  -26.8107  -25.9567  -24.2512  -23.7808  -23.7567  -23.3718
 -22.9418  -22.7352  -21.3997  -21.1626  -18.9683  -18.8882  -18.7663  -18.4951
 -17.9051  -17.7010  -17.5269  -17.2883  -17.1729  -16.9916  -16.7045  -16.5559
 -16.4177  -16.3517  -16.2302  -15.8251  -15.7277  -15.5755  -15.4746  -15.2226
 -14.9665  -14.8259  -14.6501  -14.5558  -14.4549  -14.4089  -14.0727  -13.9583
 -13.7815  -13.5808  -13.5072  -13.1628  -12.9330  -12.8001  -12.7070  -12.5576
 -12.4427  -12.4182  -12.3662  -12.1626  -12.0088  -11.9676  -11.6366  -11.2385
 -11.0713  -10.9015  -10.8676  -10.6828  -10.5053  -10.0120  -10.0050   -9.4277
  -9.1774   -0.6985   -0.6222    0.0036    0.2379    0.2465    0.5318    1.3433
   2.1065    2.2829    2.4798    2.5861    2.6463    2.7015    3.2168    3.2733
   3.4245    3.4950    3.5417    3.5718    3.5968    3.6426    3.6567    3.7033
   3.7165    3.7623    3.7694    3.7833    3.8396    3.8892    3.9546    3.9757
   3.9834    4.0054    4.0302    4.1087    4.1282    4.1582    4.1858    4.2040
   4.2770    4.3035    4.4158    4.4877    4.4992    4.5050    4.6193    4.6586
   4.6858    4.7140    4.7945    4.8022    4.8975    4.9697    4.9765    5.0897
   5.1627    5.2202    5.2799    5.3099    5.3770    5.4028    5.4904    5.7397
   5.7533    5.9477    6.0124    6.1838    6.1859    6.5552

 Heat of formation   =       -214.04653252 kcal/mol  (       -9.28175415 eV)

 Total SCF energy    =    -126422.19243191 kcal/mol  (    -5482.07763895 eV)
 Electronic energy   =    -948962.02012178 kcal/mol  (   -41150.08109457 eV)
 Core-core repulsion =     822539.82768987 kcal/mol  (    35668.00345561 eV)
 
    Atomic Charges for Step       1 :
  Atom    Element       Mulliken Charge
     1      O                 -0.320
     2      C                 -0.024
     3      C                 -0.066
     4      O                 -0.272
     5      C                  0.015
     6      C                 -0.110
     7      C                 -0.124
     8      C                 -0.118
     9      C                 -0.041
    10      C                 -0.049
    11      C                 -0.062
    12      C                 -0.115
    13      C                  0.352
    14      O                 -0.363
    15      O                 -0.316
    16      C                 -0.059
    17      C                 -0.050
    18      C                 -0.042
    19      C                 -0.120
    20      C                 -0.126
    21      C                 -0.106
    22      C                  0.010
    23      O                 -0.271
    24      C                 -0.025
    25      C                 -0.056
    26      O                 -0.329
    27      C                 -0.109
    28      C                 -0.119
    29      C                 -0.077
    30      C                 -0.117
    31      C                 -0.114
    32      H                  0.197
    33      H                  0.118
    34      H                  0.077
    35      H                  0.072
    36      H                  0.081
    37      H                  0.080
    38      H                  0.118
    39      H                  0.134
    40      H                  0.137
    41      H                  0.162
    42      H                  0.247
    43      H                  0.160
    44      H                  0.137
    45      H                  0.134
    46      H                  0.111
    47      H                  0.084
    48      H                  0.114
    49      H                  0.087
    50      H                  0.074
    51      H                  0.073
    52      H                  0.203
    53      H                  0.151
    54      H                  0.139
    55      H                  0.145
    56      H                  0.140
    57      H                  0.149
 Total Mulliken Charge =       0.000
 
                  X        Y        Z     TOTAL  
  QM DIPOLE    -0.283   -0.433    2.454    2.508
 
 Final Structure

  QMMM: QM Region Cartesian Coordinates (*=link atom) 
  QMMM: QM_NO.   MM_NO.  ATOM         X         Y         Z
  QMMM:     1        1      O        7.5583    0.0866   -6.3869
  QMMM:     2        2      C        7.7109    0.7860   -5.1695
  QMMM:     3        3      C        7.0588    0.0156   -4.0239
  QMMM:     4        4      O        7.2130    0.8229   -2.8593
  QMMM:     5        5      C        6.6934    0.2166   -1.6833
  QMMM:     6        6      C        5.2005    0.1880   -1.6362
  QMMM:     7        7      C        4.5496   -0.8063   -0.8979
  QMMM:     8        8      C        3.1602   -0.8220   -0.8107
  QMMM:     9        9      C        2.3971    0.1546   -1.4662
  QMMM:    10       10      C        0.9379    0.1369   -1.3787
  QMMM:    11       11      C        0.1602    0.4231   -2.5076
  QMMM:    12       12      C       -1.2365    0.4003   -2.4163
  QMMM:    13       13      C       -2.0193    0.7055   -3.6195
  QMMM:    14       14      O       -1.6126    1.0231   -4.7431
  QMMM:    15       15      O       -3.3752    0.6264   -3.4706
  QMMM:    16       16      C       -1.8649    0.0947   -1.2053
  QMMM:    17       17      C       -1.0929   -0.1890   -0.0712
  QMMM:    18       18      C       -1.7411   -0.5054    1.2005
  QMMM:    19       19      C       -1.2339    0.0065    2.4031
  QMMM:    20       20      C       -1.8528   -0.2940    3.6136
  QMMM:    21       21      C       -2.9849   -1.1151    3.6437
  QMMM:    22       22      C       -3.6099   -1.4807    4.9513
  QMMM:    23       23      O       -5.0273   -1.5852    4.8717
  QMMM:    24       24      C       -5.7391   -0.4152    5.2462
  QMMM:    25       25      C       -5.7221    0.6277    4.1325
  QMMM:    26       26      O       -6.2662    1.8153    4.6841
  QMMM:    27       27      C       -3.4920   -1.6287    2.4453
  QMMM:    28       28      C       -2.8789   -1.3245    1.2333
  QMMM:    29       29      C        0.3048   -0.1667   -0.1661
  QMMM:    30       30      C        3.0518    1.1478   -2.2085
  QMMM:    31       31      C        4.4414    1.1645   -2.2889
  QMMM:    32       32      H        6.6134    0.0423   -6.5774
  QMMM:    33       33      H        8.8198    0.8623   -5.0155
  QMMM:    34       34      H        7.2726    1.8160   -5.2416
  QMMM:    35       35      H        5.9672   -0.1529   -4.2244
  QMMM:    36       36      H        7.5620   -0.9756   -3.8758
  QMMM:    37       37      H        7.1112   -0.8202   -1.5672
  QMMM:    38       38      H        7.0869    0.8749   -0.8576
  QMMM:    39       39      H        5.1373   -1.5817   -0.3836
  QMMM:    40       40      H        2.6574   -1.6120   -0.2323
  QMMM:    41       41      H        0.6372    0.6609   -3.4731
  QMMM:    42       42      H       -3.8011    0.8449   -4.3163
  QMMM:    43       43      H       -2.9658    0.0849   -1.1475
  QMMM:    44       44      H       -0.3467    0.6578    2.3892
  QMMM:    45       45      H       -1.4474    0.1183    4.5500
  QMMM:    46       46      H       -3.2814   -2.5206    5.2381
  QMMM:    47       47      H       -3.3029   -0.7603    5.7556
  QMMM:    48       48      H       -6.7854   -0.7824    5.4249
  QMMM:    49       49      H       -5.3289    0.0237    6.1931
  QMMM:    50       50      H       -4.6686    0.8061    3.7847
  QMMM:    51       51      H       -6.3389    0.2825    3.2614
  QMMM:    52       52      H       -6.2856    2.4636    3.9710
  QMMM:    53       53      H       -4.3856   -2.2724    2.4729
  QMMM:    54       54      H       -3.2833   -1.7367    0.2961
  QMMM:    55       55      H        0.9140   -0.3908    0.7244
  QMMM:    56       56      H        2.4641    1.9232   -2.7235
  QMMM:    57       57      H        4.9568    1.9470   -2.8684

           --------- Calculation Completed ----------

