            --------------------------------------------------------
                             AMBER SQM VERSION 19
 
                                     By
              Ross C. Walker, Michael F. Crowley, Scott Brozell,
                         Tim Giese, Andreas W. Goetz,
                        Tai-Sung Lee and David A. Case
 
            --------------------------------------------------------
 

--------------------------------------------------------------------------------
  QM CALCULATION INFO
--------------------------------------------------------------------------------

| QMMM: Citation for AMBER QMMM Run:
| QMMM: R.C. Walker, M.F. Crowley and D.A. Case, J. COMP. CHEM. 29:1019, 2008

QMMM: SINGLET STATE CALCULATION
QMMM: RHF CALCULATION, NO. OF DOUBLY OCCUPIED LEVELS = 89

| QMMM: *** Selected Hamiltonian *** 
| QMMM: AM1         

| QMMM: *** Parameter sets in use ***
| QMMM: C : M.J.S.DEWAR et al. JACS, 107, 3902, (1985)
| QMMM: N : M.J.S.DEWAR et al. JACS, 107, 3902, (1985)
| QMMM: O : M.J.S.DEWAR et al. JACS, 107, 3902, (1985)
| QMMM: H : M.J.S.DEWAR et al. JACS, 107, 3902, (1985)

| QMMM: *** SCF convergence criteria ***
| QMMM: Energy change                :  0.1D-09 kcal/mol
| QMMM: Error matrix |FP-PF|         :  0.1D+00 au
| QMMM: Density matrix change        :  0.5D-06
| QMMM: Maximum number of SCF cycles :     1000

| QMMM: *** Diagonalization Routine Information ***
| QMMM: Pseudo diagonalizations are allowed.
| QMMM: Auto diagonalization routine selection is in use.
| QMMM:
| QMMM: Timing diagonalization routines:
| QMMM:                              norbs =      176
| QMMM:    diag iterations used for timing =        5
| QMMM:
| QMMM:              Internal diag routine = 0.052900 seconds
| QMMM:                 Dspev diag routine = 0.311223 seconds
| QMMM:                Dspevd diag routine = 0.047685 seconds
| QMMM:                Dspevx diag routine = 0.230547 seconds
| QMMM:                 Dsyev diag routine = 0.111326 seconds
| QMMM:                Dsyevd diag routine = 0.037009 seconds
| QMMM:                Dsyevr diag routine = 0.041689 seconds
| QMMM:
| QMMM:                Pseudo diag routine = 0.048591 seconds
| QMMM: Pseudo diagonalization appears to be slower than regular
| QMMM: diagonalization. Setting pseudo_diag=0 for optimum performance.
| QMMM:
| QMMM: Using dsyevd routine (diag_routine=6).

  QMMM: QM Region Cartesian Coordinates (*=link atom) 
  QMMM: QM_NO.   MM_NO.  ATOM         X         Y         Z
  QMMM:     1        1      C        6.0640    2.1740    3.1060
  QMMM:     2        2      C        5.8220    1.4170    1.8080
  QMMM:     3        3      N        6.3940   -0.0110    1.8040
  QMMM:     4        4      C        7.8940   -0.0030    2.0980
  QMMM:     5        5      C        5.6940   -0.8810    2.8420
  QMMM:     6        6      C        6.2180   -0.6340    0.3880
  QMMM:     7        7      C        4.8070   -0.7450   -0.1360
  QMMM:     8        8      C        4.0190   -1.8710    0.1500
  QMMM:     9        9      C        2.7060   -1.9600   -0.3220
  QMMM:    10       10      C        2.1500   -0.9330   -1.0960
  QMMM:    11       11      C        0.7690   -1.0330   -1.5980
  QMMM:    12       12      C        0.5400   -1.8160   -2.7410
  QMMM:    13       13      C       -0.7370   -1.9410   -3.2790
  QMMM:    14       14      C       -1.8210   -1.2850   -2.6910
  QMMM:    15       15      C       -3.1000   -1.4090   -3.2380
  QMMM:    16       16      C       -4.1870   -0.7540   -2.6590
  QMMM:    17       17      C       -4.0430    0.0510   -1.5100
  QMMM:    18       18      C       -5.1340    0.7350   -0.9030
  QMMM:    19       19      C       -6.5040    0.6820   -1.4400
  QMMM:    20       20      C       -6.8940    1.5230   -2.4910
  QMMM:    21       21      C       -8.1980    1.4760   -2.9910
  QMMM:    22       22      C       -9.1380    0.5970   -2.4500
  QMMM:    23       23      O      -10.3760    0.6570   -3.0290
  QMMM:    24       24      C      -11.3890   -0.1740   -2.4730
  QMMM:    25       25      C       -8.7600   -0.2440   -1.4040
  QMMM:    26       26      C       -7.4530   -0.2000   -0.9020
  QMMM:    27       27      C       -4.9090    1.5050    0.2490
  QMMM:    28       28      C       -3.6360    1.6130    0.8000
  QMMM:    29       29      C       -2.5510    0.9570    0.2130
  QMMM:    30       30      C       -1.2740    1.0720    0.7660
  QMMM:    31       31      C       -0.1850    0.4250    0.1820
  QMMM:    32       32      C       -0.3250   -0.3650   -0.9780
  QMMM:    33       33      C       -1.6270   -0.4920   -1.5360
  QMMM:    34       34      C       -2.7430    0.1710   -0.9470
  QMMM:    35       35      C        2.9450    0.1800   -1.4020
  QMMM:    36       36      C        4.2570    0.2730   -0.9300
  QMMM:    37       37      H        5.5730    3.1530    3.0520
  QMMM:    38       38      H        7.1280    2.3620    3.2820
  QMMM:    39       39      H        5.6480    1.6530    3.9730
  QMMM:    40       40      H        4.7440    1.3400    1.6340
  QMMM:    41       41      H        6.2820    1.9540    0.9700
  QMMM:    42       42      H        8.2750   -1.0230    1.9820
  QMMM:    43       43      H        8.0550    0.3300    3.1250
  QMMM:    44       44      H        8.3840    0.6690    1.3900
  QMMM:    45       45      H        6.0090   -1.9190    2.6950
  QMMM:    46       46      H        4.6120   -0.7800    2.7240
  QMMM:    47       47      H        5.9930   -0.5510    3.8410
  QMMM:    48       48      H        6.8230   -0.0260   -0.2970
  QMMM:    49       49      H        6.6800   -1.6290    0.4190
  QMMM:    50       50      H        4.4130   -2.7000    0.7340
  QMMM:    51       51      H        2.1100   -2.8410   -0.0870
  QMMM:    52       52      H        1.3660   -2.3320   -3.2280
  QMMM:    53       53      H       -0.8770   -2.5550   -4.1670
  QMMM:    54       54      H       -3.2710   -2.0170   -4.1240
  QMMM:    55       55      H       -5.1630   -0.8860   -3.1240
  QMMM:    56       56      H       -6.1840    2.2220   -2.9280
  QMMM:    57       57      H       -8.4850    2.1340   -3.8080
  QMMM:    58       58      H      -11.5730    0.0760   -1.4220
  QMMM:    59       59      H      -12.3140    0.0120   -3.0270
  QMMM:    60       60      H      -11.1370   -1.2340   -2.5900
  QMMM:    61       61      H       -9.4550   -0.9470   -0.9550
  QMMM:    62       62      H       -7.1760   -0.8640   -0.0850
  QMMM:    63       63      H       -5.7370    2.0350    0.7190
  QMMM:    64       64      H       -3.5040    2.2220    1.6910
  QMMM:    65       65      H       -1.1150    1.6690    1.6610
  QMMM:    66       66      H        0.7860    0.5470    0.6550
  QMMM:    67       67      H        2.5390    0.9800   -2.0220
  QMMM:    68       68      H        4.8420    1.1490   -1.2050

--------------------------------------------------------------------------------
  RESULTS
--------------------------------------------------------------------------------

      iter         sqm energy              rms gradient
      ----    -------------------    -----------------------
xmin    10      236.5505 kcal/mol        2.8236 kcal/(mol*A)
xmin    20      235.8488 kcal/mol        0.4360 kcal/(mol*A)
xmin    30      235.6933 kcal/mol        0.1624 kcal/(mol*A)
xmin    40      235.6084 kcal/mol        0.2119 kcal/(mol*A)
xmin    50      235.5132 kcal/mol        0.1620 kcal/(mol*A)
xmin    60      235.2741 kcal/mol        0.5384 kcal/(mol*A)
xmin    70      235.2215 kcal/mol        0.4771 kcal/(mol*A)
xmin    80      235.1382 kcal/mol        0.1407 kcal/(mol*A)
xmin    90      235.1057 kcal/mol        0.0881 kcal/(mol*A)
xmin   100      235.0750 kcal/mol        0.1353 kcal/(mol*A)
xmin   110      235.0591 kcal/mol        0.1475 kcal/(mol*A)
xmin   120      235.0081 kcal/mol        0.0298 kcal/(mol*A)
xmin   130      235.0004 kcal/mol        0.0253 kcal/(mol*A)
xmin   140      234.9986 kcal/mol        0.0341 kcal/(mol*A)
xmin   150      234.9982 kcal/mol        0.0057 kcal/(mol*A)
xmin   160      234.9982 kcal/mol        0.0022 kcal/(mol*A)
xmin   170      234.9982 kcal/mol        0.0029 kcal/(mol*A)
xmin   180      234.9981 kcal/mol        0.0009 kcal/(mol*A)
  ... geometry converged !
 
 Final MO eigenvalues (eV):
 -45.7903  -43.6612  -42.6373  -41.7601  -40.7425  -39.4379  -38.8574  -37.4282
 -36.6409  -35.9278  -34.8225  -34.4297  -33.3443  -33.1914  -33.0686  -32.7789
 -31.7509  -31.3181  -30.4140  -29.5408  -28.7907  -27.0533  -26.6765  -26.2002
 -26.0042  -25.6884  -25.2894  -24.5710  -24.3340  -23.4128  -22.1329  -21.8355
 -21.7357  -21.5413  -20.5960  -20.1987  -20.0700  -19.6523  -19.5152  -19.2755
 -19.0950  -18.9376  -18.7208  -18.2071  -18.1040  -17.8784  -17.8204  -17.6603
 -17.6222  -17.4892  -17.3437  -17.2575  -17.1037  -17.0940  -16.9218  -16.7727
 -16.6810  -16.6109  -16.5373  -16.3652  -16.2683  -16.0287  -15.9800  -15.7900
 -15.7502  -15.5557  -15.4077  -15.2104  -15.0430  -14.9188  -14.7905  -14.6358
 -14.3298  -14.2085  -14.1412  -13.8865  -13.4975  -13.2587  -13.1468  -12.9796
 -12.9123  -12.8321  -12.5256  -11.8453  -11.6287  -11.1389  -10.7433  -10.3438
  -9.6928   -3.7810   -3.0404   -2.5954   -2.5489   -2.0246   -1.4812   -1.4191
  -1.3590   -1.2654   -1.1786   -0.8569   -0.8009   -0.5583   -0.4926   -0.4667
  -0.3543   -0.2852   -0.2765   -0.1910   -0.1028   -0.0765   -0.0335    0.0208
   0.1368    0.1898    0.2754    0.4657    0.6873    0.7057    0.7251    0.7715
   0.9369    1.1341    1.1404    1.3112    1.4179    1.4631    1.4685    1.6825
   1.7068    1.8028    1.8504    1.8901    1.9944    2.0484    2.1519    2.2005
   2.2402    2.2974    2.3434    2.3786    2.4214    2.4853    2.5252    2.5977
   2.6161    2.6959    2.7719    2.7881    2.8079    2.9092    2.9890    2.9910
   3.0846    3.1068    3.1770    3.1968    3.2261    3.3179    3.3998    3.4575
   3.4912    3.5374    3.5622    3.6724    3.7455    3.7772    3.8884    4.0044
   4.0536    4.0657    4.1479    4.2421    4.3167    4.3845    4.5067    5.2227


 Heat of formation   =        234.99814551 kcal/mol  (       10.19028427 eV)

 Total SCF energy    =    -122510.91980879 kcal/mol  (    -5312.47213082 eV)
 Electronic energy   =   -1118839.43584964 kcal/mol  (   -48516.51861800 eV)
 Core-core repulsion =     996328.51604085 kcal/mol  (    43204.04648718 eV)
 
    Atomic Charges for Step       1 :
  Atom    Element       Mulliken Charge
     1      C                 -0.246
     2      C                 -0.123
     3      N                  0.023
     4      C                 -0.188
     5      C                 -0.187
     6      C                 -0.057
     7      C                 -0.183
     8      C                 -0.104
     9      C                 -0.121
    10      C                  0.040
    11      C                 -0.088
    12      C                 -0.101
    13      C                 -0.123
    14      C                 -0.001
    15      C                 -0.135
    16      C                 -0.088
    17      C                 -0.034
    18      C                  0.015
    19      C                 -0.102
    20      C                 -0.085
    21      C                 -0.158
    22      C                  0.095
    23      O                 -0.205
    24      C                 -0.079
    25      C                 -0.206
    26      C                 -0.075
    27      C                 -0.122
    28      C                 -0.098
    29      C                 -0.055
    30      C                 -0.083
    31      C                 -0.152
    32      C                  0.008
    33      C                 -0.023
    34      C                 -0.008
    35      C                 -0.119
    36      C                 -0.104
    37      H                  0.133
    38      H                  0.101
    39      H                  0.104
    40      H                  0.149
    41      H                  0.131
    42      H                  0.136
    43      H                  0.138
    44      H                  0.137
    45      H                  0.132
    46      H                  0.149
    47      H                  0.135
    48      H                  0.136
    49      H                  0.137
    50      H                  0.133
    51      H                  0.161
    52      H                  0.135
    53      H                  0.146
    54      H                  0.143
    55      H                  0.154
    56      H                  0.141
    57      H                  0.156
    58      H                  0.076
    59      H                  0.113
    60      H                  0.075
    61      H                  0.144
    62      H                  0.138
    63      H                  0.147
    64      H                  0.138
    65      H                  0.134
    66      H                  0.122
    67      H                  0.166
    68      H                  0.134
 Total Mulliken Charge =       1.000
 
                  X        Y        Z     TOTAL  
  QM DIPOLE    23.502   -0.144    7.560   24.688
 
 Final Structure

  QMMM: QM Region Cartesian Coordinates (*=link atom) 
  QMMM: QM_NO.   MM_NO.  ATOM         X         Y         Z
  QMMM:     1        1      C        5.9068    1.5735    3.5822
  QMMM:     2        2      C        5.7801    1.2331    2.1137
  QMMM:     3        3      N        6.4703   -0.0328    1.6754
  QMMM:     4        4      C        7.9432    0.0895    1.8775
  QMMM:     5        5      C        5.9636   -1.1995    2.4495
  QMMM:     6        6      C        6.2152   -0.2497    0.1911
  QMMM:     7        7      C        4.7823   -0.4255   -0.1692
  QMMM:     8        8      C        4.2083   -1.7032   -0.1736
  QMMM:     9        9      C        2.8923   -1.8789   -0.5878
  QMMM:    10       10      C        2.1224   -0.7795   -1.0028
  QMMM:    11       11      C        0.7528   -0.9853   -1.4721
  QMMM:    12       12      C        0.5422   -1.9260   -2.4915
  QMMM:    13       13      C       -0.7251   -2.1467   -3.0110
  QMMM:    14       14      C       -1.8270   -1.4340   -2.5176
  QMMM:    15       15      C       -3.1503   -1.6396   -3.0394
  QMMM:    16       16      C       -4.2104   -0.9417   -2.5608
  QMMM:    17       17      C       -4.0595    0.0324   -1.5115
  QMMM:    18       18      C       -5.1499    0.7688   -1.0068
  QMMM:    19       19      C       -6.4999    0.6297   -1.5550
  QMMM:    20       20      C       -6.7516    0.8761   -2.9145
  QMMM:    21       21      C       -8.0365    0.7731   -3.4276
  QMMM:    22       22      C       -9.0955    0.4135   -2.5703
  QMMM:    23       23      O      -10.3297    0.3318   -3.1783
  QMMM:    24       24      C      -11.4268   -0.0131   -2.3384
  QMMM:    25       25      C       -8.8595    0.1683   -1.2120
  QMMM:    26       26      C       -7.5637    0.2840   -0.7134
  QMMM:    27       27      C       -4.9487    1.6668    0.0514
  QMMM:    28       28      C       -3.6870    1.8625    0.5976
  QMMM:    29       29      C       -2.5825    1.1595    0.0991
  QMMM:    30       30      C       -1.2638    1.3432    0.6392
  QMMM:    31       31      C       -0.1985    0.6641    0.1452
  QMMM:    32       32      C       -0.3379   -0.2704   -0.9405
  QMMM:    33       33      C       -1.6378   -0.4916   -1.4742
  QMMM:    34       34      C       -2.7647    0.2360   -0.9613
  QMMM:    35       35      C        2.7053    0.4980   -1.0039
  QMMM:    36       36      C        4.0224    0.6729   -0.5918
  QMMM:    37       37      H        5.3736    2.5449    3.7507
  QMMM:    38       38      H        6.9703    1.7059    3.8954
  QMMM:    39       39      H        5.4283    0.8019    4.2328
  QMMM:    40       40      H        4.6880    1.1178    1.8463
  QMMM:    41       41      H        6.2112    2.0709    1.4930
  QMMM:    42       42      H        8.4514   -0.8323    1.4878
  QMMM:    43       43      H        8.1650    0.1987    2.9721
  QMMM:    44       44      H        8.3235    0.9896    1.3262
  QMMM:    45       45      H        6.4381   -2.1378    2.0568
  QMMM:    46       46      H        4.8487   -1.2674    2.3292
  QMMM:    47       47      H        6.2232   -1.0749    3.5338
  QMMM:    48       48      H        6.6451    0.6454   -0.3445
  QMMM:    49       49      H        6.8018   -1.1673   -0.1050
  QMMM:    50       50      H        4.8026   -2.5767    0.1368
  QMMM:    51       51      H        2.4460   -2.8867   -0.5960
  QMMM:    52       52      H        1.4005   -2.4879   -2.8926
  QMMM:    53       53      H       -0.8708   -2.8827   -3.8167
  QMMM:    54       54      H       -3.2757   -2.3854   -3.8399
  QMMM:    55       55      H       -5.2244   -1.1118   -2.9607
  QMMM:    56       56      H       -5.9209    1.1632   -3.5780
  QMMM:    57       57      H       -8.2443    0.9693   -4.4893
  QMMM:    58       58      H      -11.5628    0.7502   -1.5344
  QMMM:    59       59      H      -12.2997   -0.0092   -3.0398
  QMMM:    60       60      H      -11.2799   -1.0283   -1.8964
  QMMM:    61       61      H       -9.6794   -0.1114   -0.5360
  QMMM:    62       62      H       -7.3750    0.0959    0.3549
  QMMM:    63       63      H       -5.8100    2.2291    0.4466
  QMMM:    64       64      H       -3.5503    2.5761    1.4246
  QMMM:    65       65      H       -1.1475    2.0541    1.4725
  QMMM:    66       66      H        0.8027    0.8063    0.5789
  QMMM:    67       67      H        2.1145    1.3629   -1.3488
  QMMM:    68       68      H        4.4715    1.6781   -0.6188

           --------- Calculation Completed ----------

