            --------------------------------------------------------
                             AMBER SQM VERSION 19
 
                                     By
              Ross C. Walker, Michael F. Crowley, Scott Brozell,
                         Tim Giese, Andreas W. Goetz,
                        Tai-Sung Lee and David A. Case
 
            --------------------------------------------------------
 

--------------------------------------------------------------------------------
  QM CALCULATION INFO
--------------------------------------------------------------------------------

| QMMM: Citation for AMBER QMMM Run:
| QMMM: R.C. Walker, M.F. Crowley and D.A. Case, J. COMP. CHEM. 29:1019, 2008

QMMM: SINGLET STATE CALCULATION
QMMM: RHF CALCULATION, NO. OF DOUBLY OCCUPIED LEVELS = 93

| QMMM: *** Selected Hamiltonian *** 
| QMMM: AM1         

| QMMM: *** Parameter sets in use ***
| QMMM: O : M.J.S.DEWAR et al. JACS, 107, 3902, (1985)
| QMMM: C : M.J.S.DEWAR et al. JACS, 107, 3902, (1985)
| QMMM: H : M.J.S.DEWAR et al. JACS, 107, 3902, (1985)

| QMMM: *** SCF convergence criteria ***
| QMMM: Energy change                :  0.1D-09 kcal/mol
| QMMM: Error matrix |FP-PF|         :  0.1D+00 au
| QMMM: Density matrix change        :  0.5D-06
| QMMM: Maximum number of SCF cycles :     1000

| QMMM: *** Diagonalization Routine Information ***
| QMMM: Pseudo diagonalizations are allowed.
| QMMM: Auto diagonalization routine selection is in use.
| QMMM:
| QMMM: Timing diagonalization routines:
| QMMM:                              norbs =      166
| QMMM:    diag iterations used for timing =        5
| QMMM:
| QMMM:              Internal diag routine = 0.042423 seconds
| QMMM:                 Dspev diag routine = 0.044202 seconds
| QMMM:                Dspevd diag routine = 0.016228 seconds
| QMMM:                Dspevx diag routine = 0.080425 seconds
| QMMM:                 Dsyev diag routine = 0.041697 seconds
| QMMM:                Dsyevd diag routine = 0.012056 seconds
| QMMM:                Dsyevr diag routine = 0.018387 seconds
| QMMM:
| QMMM:                Pseudo diag routine = 0.021066 seconds
| QMMM: Pseudo diagonalization appears to be slower than regular
| QMMM: diagonalization. Setting pseudo_diag=0 for optimum performance.
| QMMM:
| QMMM: Using dsyevd routine (diag_routine=6).

  QMMM: QM Region Cartesian Coordinates (*=link atom) 
  QMMM: QM_NO.   MM_NO.  ATOM         X         Y         Z
  QMMM:     1        1      O       -2.4320    2.0080   -2.7840
  QMMM:     2        2      C       -2.7900    2.9790   -3.7660
  QMMM:     3        3      C       -4.2610    3.3770   -3.6360
  QMMM:     4        4      O       -5.1380    2.3930   -4.1960
  QMMM:     5        5      C       -5.3920    1.2790   -3.3380
  QMMM:     6        6      C       -4.8240   -0.0010   -3.9510
  QMMM:     7        7      O       -5.2540   -1.2000   -3.3050
  QMMM:     8        8      C       -4.8320   -1.3670   -1.9520
  QMMM:     9        9      C       -3.3260   -1.5830   -1.8040
  QMMM:    10       10      O       -3.0290   -1.8850   -0.4400
  QMMM:    11       11      C       -1.6290   -1.9290   -0.1680
  QMMM:    12       12      C       -0.9950   -3.2570   -0.5750
  QMMM:    13       13      O        0.4000   -3.2300   -0.2630
  QMMM:    14       14      C        1.0450   -4.4520   -0.6330
  QMMM:    15       15      C        2.5150   -4.4370   -0.1940
  QMMM:    16       16      O        3.2860   -3.3480   -0.7050
  QMMM:    17       17      C        3.3870   -3.3040   -2.1250
  QMMM:    18       18      C        4.3780   -2.2120   -2.5520
  QMMM:    19       19      O        4.1820   -0.9240   -1.9620
  QMMM:    20       20      C        2.8540   -0.4200   -2.0440
  QMMM:    21       21      C        2.7780    0.9800   -1.4210
  QMMM:    22       22      O        3.2420    1.1250   -0.0760
  QMMM:    23       23      C        2.9010    0.0940    0.8570
  QMMM:    24       24      C        1.3990   -0.0440    1.1250
  QMMM:    25       25      O        0.8880    0.9100    2.0630
  QMMM:    26       26      C        0.8960    2.2570    1.5800
  QMMM:    27       27      C        0.0670    3.1360    2.5230
  QMMM:    28       28      O        0.7880    3.5670    3.6810
  QMMM:    29       29      C        1.1120    2.5020    4.5720
  QMMM:    30       30      C        1.4890    3.0390    5.9250
  QMMM:    31       31      C        1.5360    4.3280    6.2910
  QMMM:    32       32      H       -1.4830    1.8300   -2.9070
  QMMM:    33       33      H       -2.1530    3.8560   -3.6110
  QMMM:    34       34      H       -2.5900    2.5520   -4.7540
  QMMM:    35       35      H       -4.4230    4.2890   -4.2190
  QMMM:    36       36      H       -4.5410    3.5890   -2.5980
  QMMM:    37       37      H       -5.0120    1.4450   -2.3250
  QMMM:    38       38      H       -6.4800    1.1790   -3.2470
  QMMM:    39       39      H       -3.7310    0.0310   -4.0070
  QMMM:    40       40      H       -5.1600   -0.0690   -4.9920
  QMMM:    41       41      H       -5.3520   -2.2510   -1.5650
  QMMM:    42       42      H       -5.1740   -0.5350   -1.3280
  QMMM:    43       43      H       -3.0050   -2.4040   -2.4530
  QMMM:    44       44      H       -2.7860   -0.6810   -2.1070
  QMMM:    45       45      H       -1.1160   -1.0850   -0.6430
  QMMM:    46       46      H       -1.5000   -1.7910    0.9120
  QMMM:    47       47      H       -1.1250   -3.4330   -1.6470
  QMMM:    48       48      H       -1.4840   -4.0780   -0.0400
  QMMM:    49       49      H        0.5390   -5.2950   -0.1470
  QMMM:    50       50      H        0.9670   -4.5800   -1.7180
  QMMM:    51       51      H        2.5550   -4.3450    0.8960
  QMMM:    52       52      H        3.0030   -5.3790   -0.4640
  QMMM:    53       53      H        3.7250   -4.2730   -2.5080
  QMMM:    54       54      H        2.4040   -3.0870   -2.5540
  QMMM:    55       55      H        5.3890   -2.5210   -2.2650
  QMMM:    56       56      H        4.3680   -2.1030   -3.6420
  QMMM:    57       57      H        2.5470   -0.3680   -3.0950
  QMMM:    58       58      H        2.1650   -1.0830   -1.5160
  QMMM:    59       59      H        3.3890    1.6640   -2.0190
  QMMM:    60       60      H        1.7480    1.3490   -1.4720
  QMMM:    61       61      H        3.4110    0.3480    1.7930
  QMMM:    62       62      H        3.3200   -0.8570    0.5170
  QMMM:    63       63      H        1.2180   -1.0260    1.5760
  QMMM:    64       64      H        0.8050    0.0110    0.2090
  QMMM:    65       65      H        0.4420    2.2810    0.5830
  QMMM:    66       66      H        1.9250    2.6260    1.5370
  QMMM:    67       67      H       -0.8530    2.6310    2.8350
  QMMM:    68       68      H       -0.2150    4.0500    1.9910
  QMMM:    69       69      H        0.2570    1.8290    4.6940
  QMMM:    70       70      H        1.9630    1.9420    4.1720
  QMMM:    71       71      H        1.7500    2.2830    6.6630
  QMMM:    72       72      H        1.8230    4.6130    7.2960
  QMMM:    73       73      H        1.2880    5.1220    5.5920

--------------------------------------------------------------------------------
  RESULTS
--------------------------------------------------------------------------------

      iter         sqm energy              rms gradient
      ----    -------------------    -----------------------
xmin    10     -455.0494 kcal/mol        0.1720 kcal/(mol*A)
xmin    20     -455.3538 kcal/mol        0.3135 kcal/(mol*A)
xmin    30     -455.7034 kcal/mol        0.3269 kcal/(mol*A)
xmin    40     -456.0468 kcal/mol        0.4851 kcal/(mol*A)
xmin    50     -456.5592 kcal/mol        0.1926 kcal/(mol*A)
xmin    60     -456.7609 kcal/mol        0.3608 kcal/(mol*A)
xmin    70     -456.9362 kcal/mol        0.3098 kcal/(mol*A)
xmin    80     -457.0440 kcal/mol        0.2421 kcal/(mol*A)
xmin    90     -457.1050 kcal/mol        0.0663 kcal/(mol*A)
xmin   100     -457.1538 kcal/mol        0.1537 kcal/(mol*A)
xmin   110     -457.2074 kcal/mol        0.1470 kcal/(mol*A)
xmin   120     -457.2249 kcal/mol        0.0506 kcal/(mol*A)
xmin   130     -457.2442 kcal/mol        0.0355 kcal/(mol*A)
xmin   140     -457.2537 kcal/mol        0.0169 kcal/(mol*A)
xmin   150     -457.2713 kcal/mol        0.0317 kcal/(mol*A)
xmin   160     -457.2941 kcal/mol        0.0446 kcal/(mol*A)
xmin   170     -457.3114 kcal/mol        0.0332 kcal/(mol*A)
xmin   180     -457.3234 kcal/mol        0.0208 kcal/(mol*A)
xmin   190     -457.3407 kcal/mol        0.1016 kcal/(mol*A)
xmin   200     -457.3677 kcal/mol        0.1353 kcal/(mol*A)
xmin   210     -457.3896 kcal/mol        0.0667 kcal/(mol*A)
xmin   220     -457.4031 kcal/mol        0.2802 kcal/(mol*A)
xmin   230     -457.4404 kcal/mol        0.0678 kcal/(mol*A)
xmin   240     -457.4693 kcal/mol        0.0751 kcal/(mol*A)
xmin   250     -457.4909 kcal/mol        0.0906 kcal/(mol*A)
xmin   260     -457.5010 kcal/mol        0.0844 kcal/(mol*A)
xmin   270     -457.5142 kcal/mol        0.0829 kcal/(mol*A)
xmin   280     -457.5364 kcal/mol        0.1913 kcal/(mol*A)
xmin   290     -457.5726 kcal/mol        0.0241 kcal/(mol*A)
xmin   300     -457.6036 kcal/mol        0.1210 kcal/(mol*A)
xmin   310     -457.6163 kcal/mol        0.0258 kcal/(mol*A)
xmin   320     -457.7096 kcal/mol        0.1216 kcal/(mol*A)
xmin   330     -457.9007 kcal/mol        0.0811 kcal/(mol*A)
xmin   340     -458.0203 kcal/mol        0.1293 kcal/(mol*A)
xmin   350     -458.0999 kcal/mol        0.1524 kcal/(mol*A)
xmin   360     -458.1382 kcal/mol        0.0607 kcal/(mol*A)
xmin   370     -458.1735 kcal/mol        0.0337 kcal/(mol*A)
xmin   380     -458.1759 kcal/mol        0.0122 kcal/(mol*A)
xmin   390     -458.1830 kcal/mol        0.0174 kcal/(mol*A)
xmin   400     -458.1866 kcal/mol        0.0304 kcal/(mol*A)
xmin   410     -458.1898 kcal/mol        0.0375 kcal/(mol*A)
xmin   420     -458.1930 kcal/mol        0.0134 kcal/(mol*A)
xmin   430     -458.1946 kcal/mol        0.0066 kcal/(mol*A)
xmin   440     -458.1953 kcal/mol        0.0063 kcal/(mol*A)
xmin   450     -458.1959 kcal/mol        0.0084 kcal/(mol*A)
xmin   460     -458.1964 kcal/mol        0.0320 kcal/(mol*A)
xmin   470     -458.1967 kcal/mol        0.0041 kcal/(mol*A)
xmin   480     -458.1969 kcal/mol        0.0205 kcal/(mol*A)
xmin   490     -458.1992 kcal/mol        0.0080 kcal/(mol*A)
xmin   500     -458.2016 kcal/mol        0.0488 kcal/(mol*A)
xmin   510     -458.2020 kcal/mol        0.0081 kcal/(mol*A)
xmin   520     -458.2049 kcal/mol        0.0151 kcal/(mol*A)
xmin   530     -458.2080 kcal/mol        0.0118 kcal/(mol*A)
xmin   540     -458.2100 kcal/mol        0.0261 kcal/(mol*A)
xmin   550     -458.2124 kcal/mol        0.0227 kcal/(mol*A)
xmin   560     -458.2176 kcal/mol        0.0270 kcal/(mol*A)
xmin   570     -458.2223 kcal/mol        0.0143 kcal/(mol*A)
xmin   580     -458.2328 kcal/mol        0.0424 kcal/(mol*A)
xmin   590     -458.2500 kcal/mol        0.0641 kcal/(mol*A)
xmin   600     -458.2580 kcal/mol        0.0392 kcal/(mol*A)
xmin   610     -458.2649 kcal/mol        0.0382 kcal/(mol*A)
xmin   620     -458.3375 kcal/mol        0.1319 kcal/(mol*A)
xmin   630     -458.6979 kcal/mol        0.2410 kcal/(mol*A)
xmin   640     -459.3761 kcal/mol        0.5608 kcal/(mol*A)
xmin   650     -459.6525 kcal/mol        0.0992 kcal/(mol*A)
xmin   660     -459.9967 kcal/mol        0.2981 kcal/(mol*A)
xmin   670     -460.1457 kcal/mol        0.0724 kcal/(mol*A)
xmin   680     -460.2496 kcal/mol        0.0341 kcal/(mol*A)
xmin   690     -460.2565 kcal/mol        0.0227 kcal/(mol*A)
xmin   700     -460.2632 kcal/mol        0.0268 kcal/(mol*A)
xmin   710     -460.2764 kcal/mol        0.0234 kcal/(mol*A)
xmin   720     -460.2798 kcal/mol        0.0207 kcal/(mol*A)
xmin   730     -460.2803 kcal/mol        0.0102 kcal/(mol*A)
xmin   740     -460.2810 kcal/mol        0.0031 kcal/(mol*A)
xmin   750     -460.2811 kcal/mol        0.0038 kcal/(mol*A)
xmin   760     -460.2811 kcal/mol        0.0019 kcal/(mol*A)
xmin   770     -460.2812 kcal/mol        0.0012 kcal/(mol*A)
  ... geometry converged !
 
 Final MO eigenvalues (eV):
 -40.4843  -39.9496  -39.8675  -39.5076  -39.1504  -38.6636  -38.3029  -37.8754
 -37.4857  -37.2634  -34.0432  -32.4010  -31.7074  -31.2208  -31.0206  -30.3775
 -29.7901  -29.1519  -28.9764  -28.2662  -27.0302  -24.9331  -24.5679  -24.0240
 -23.5723  -23.2761  -23.0649  -22.9278  -22.1670  -21.8524  -20.3954  -18.7481
 -18.5453  -18.3855  -18.2733  -18.0345  -17.8915  -17.6544  -17.5459  -17.5114
 -17.3148  -17.1096  -16.9425  -16.8601  -16.6012  -16.4139  -16.2485  -16.1321
 -16.0764  -15.8818  -15.8152  -15.5517  -15.3446  -15.2933  -15.1187  -15.0371
 -14.8653  -14.4927  -14.4581  -14.3455  -14.1751  -13.9883  -13.6263  -13.4547
 -13.3071  -13.1264  -13.1066  -13.0097  -12.7941  -12.7432  -12.7104  -12.6079
 -12.4470  -12.2005  -12.1820  -12.1250  -12.0025  -11.8906  -11.8010  -11.6940
 -11.4857  -11.4243  -11.1085  -11.0763  -10.9462  -10.9060  -10.7611  -10.7515
 -10.6775  -10.4765  -10.1291  -10.0112   -9.7498    1.4804    2.2784    2.3895
   2.6934    2.7581    2.8876    3.0133    3.0589    3.1261    3.4361    3.4935
   3.5507    3.6021    3.6368    3.6952    3.7232    3.7499    3.7706    3.7990
   3.8622    3.8710    3.8977    3.9178    3.9400    3.9681    4.0107    4.0113
   4.0461    4.0546    4.0782    4.0914    4.1065    4.1301    4.1450    4.2076
   4.2489    4.2517    4.2807    4.3147    4.3443    4.3835    4.4130    4.4178
   4.4774    4.4989    4.5074    4.5464    4.6176    4.6365    4.6465    4.6684
   4.6802    4.7038    4.7384    4.7991    4.8423    4.8811    4.9185    4.9522
   5.0334    5.2617    5.6966    5.8518    5.9230    5.9253    6.1065    6.1742
   6.2102    6.3024    6.3795    6.4049    6.4743    6.5429

 Heat of formation   =       -460.28117030 kcal/mol  (      -19.95928929 eV)

 Total SCF energy    =    -149275.49513959 kcal/mol  (    -6473.07120852 eV)
 Electronic energy   =   -1310472.40903159 kcal/mol  (   -56826.34790476 eV)
 Core-core repulsion =    1161196.91389200 kcal/mol  (    50353.27669624 eV)
 
    Atomic Charges for Step       1 :
  Atom    Element       Mulliken Charge
     1      O                 -0.356
     2      C                 -0.044
     3      C                 -0.030
     4      O                 -0.277
     5      C                 -0.046
     6      C                 -0.068
     7      O                 -0.274
     8      C                 -0.027
     9      C                 -0.056
    10      O                 -0.279
    11      C                 -0.027
    12      C                 -0.056
    13      O                 -0.279
    14      C                 -0.051
    15      C                 -0.030
    16      O                 -0.259
    17      C                 -0.063
    18      C                 -0.021
    19      O                 -0.251
    20      C                 -0.059
    21      C                 -0.018
    22      O                 -0.272
    23      C                 -0.067
    24      C                 -0.062
    25      O                 -0.294
    26      C                 -0.062
    27      C                 -0.029
    28      O                 -0.292
    29      C                 -0.008
    30      C                 -0.178
    31      C                 -0.201
    32      H                  0.221
    33      H                  0.068
    34      H                  0.083
    35      H                  0.095
    36      H                  0.097
    37      H                  0.072
    38      H                  0.112
    39      H                  0.104
    40      H                  0.108
    41      H                  0.106
    42      H                  0.089
    43      H                  0.072
    44      H                  0.091
    45      H                  0.107
    46      H                  0.111
    47      H                  0.068
    48      H                  0.079
    49      H                  0.073
    50      H                  0.072
    51      H                  0.133
    52      H                  0.077
    53      H                  0.075
    54      H                  0.064
    55      H                  0.122
    56      H                  0.071
    57      H                  0.070
    58      H                  0.073
    59      H                  0.112
    60      H                  0.066
    61      H                  0.119
    62      H                  0.119
    63      H                  0.121
    64      H                  0.067
    65      H                  0.072
    66      H                  0.106
    67      H                  0.097
    68      H                  0.106
    69      H                  0.086
    70      H                  0.098
    71      H                  0.122
    72      H                  0.108
    73      H                  0.126
 Total Mulliken Charge =       0.000
 
                  X        Y        Z     TOTAL  
  QM DIPOLE     2.029   -3.940   -1.624    4.720
 
 Final Structure

  QMMM: QM Region Cartesian Coordinates (*=link atom) 
  QMMM: QM_NO.   MM_NO.  ATOM         X         Y         Z
  QMMM:     1        1      O       -3.4959    3.0134    0.3284
  QMMM:     2        2      C       -4.5628    3.9195    0.1011
  QMMM:     3        3      C       -5.7610    3.1053   -0.3820
  QMMM:     4        4      O       -5.8671    3.1819   -1.7991
  QMMM:     5        5      C       -5.5704    1.9803   -2.4937
  QMMM:     6        6      C       -4.0671    1.7328   -2.5692
  QMMM:     7        7      O       -3.8014    0.5419   -3.2996
  QMMM:     8        8      C       -3.8713   -0.6512   -2.5317
  QMMM:     9        9      C       -2.5177   -0.9360   -1.8849
  QMMM:    10       10      O       -2.7553   -1.9461   -0.9051
  QMMM:    11       11      C       -1.6199   -2.2336   -0.1043
  QMMM:    12       12      C       -0.7307   -3.2630   -0.8006
  QMMM:    13       13      O        0.3917   -3.4512    0.0579
  QMMM:    14       14      C        1.3846   -4.2970   -0.5152
  QMMM:    15       15      C        2.4490   -4.4997    0.5607
  QMMM:    16       16      O        3.5224   -3.5784    0.4346
  QMMM:    17       17      C        4.4859   -3.9481   -0.5453
  QMMM:    18       18      C        5.6768   -3.0072   -0.3963
  QMMM:    19       19      O        5.3398   -1.6315   -0.3833
  QMMM:    20       20      C        4.6989   -1.1790   -1.5703
  QMMM:    21       21      C        4.4719    0.3197   -1.4326
  QMMM:    22       22      O        3.7006    0.7472   -0.3229
  QMMM:    23       23      C        2.6858   -0.1334    0.1361
  QMMM:    24       24      C        1.5455   -0.3113   -0.8590
  QMMM:    25       25      O        0.4492    0.5547   -0.5991
  QMMM:    26       26      C        0.7319    1.9270   -0.8753
  QMMM:    27       27      C       -0.5298    2.7136   -0.5424
  QMMM:    28       28      O       -0.5235    3.2199    0.7849
  QMMM:    29       29      C       -0.6892    2.2016    1.7774
  QMMM:    30       30      C       -0.4837    2.7887    3.1273
  QMMM:    31       31      C       -0.0750    4.0298    3.3747
  QMMM:    32       32      H       -2.7375    3.5370    0.6234
  QMMM:    33       33      H       -4.8226    4.4441    1.0593
  QMMM:    34       34      H       -4.2698    4.6793   -0.6714
  QMMM:    35       35      H       -6.7071    3.5755    0.0014
  QMMM:    36       36      H       -5.6859    2.0479   -0.0202
  QMMM:    37       37      H       -6.0909    1.1063   -2.0212
  QMMM:    38       38      H       -5.9918    2.1529   -3.5209
  QMMM:    39       39      H       -3.6195    1.7005   -1.5401
  QMMM:    40       40      H       -3.5689    2.5410   -3.1689
  QMMM:    41       41      H       -4.1259   -1.4507   -3.2772
  QMMM:    42       42      H       -4.6719   -0.5974   -1.7500
  QMMM:    43       43      H       -1.7839   -1.3101   -2.6450
  QMMM:    44       44      H       -2.0983   -0.0138   -1.3991
  QMMM:    45       45      H       -1.0310   -1.3062    0.1285
  QMMM:    46       46      H       -2.0449   -2.6641    0.8412
  QMMM:    47       47      H       -0.3933   -2.8867   -1.8024
  QMMM:    48       48      H       -1.2720   -4.2350   -0.9383
  QMMM:    49       49      H        0.9243   -5.2783   -0.8053
  QMMM:    50       50      H        1.8153   -3.8027   -1.4263
  QMMM:    51       51      H        2.0203   -4.2704    1.5758
  QMMM:    52       52      H        2.8222   -5.5563    0.5290
  QMMM:    53       53      H        4.8262   -5.0053   -0.3781
  QMMM:    54       54      H        4.0320   -3.8710   -1.5687
  QMMM:    55       55      H        6.1681   -3.1578    0.6037
  QMMM:    56       56      H        6.4031   -3.2205   -1.2259
  QMMM:    57       57      H        5.3552   -1.3794   -2.4592
  QMMM:    58       58      H        3.7220   -1.7181   -1.7029
  QMMM:    59       59      H        5.4530    0.8511   -1.2914
  QMMM:    60       60      H        3.9749    0.6810   -2.3746
  QMMM:    61       61      H        2.3123    0.3728    1.0696
  QMMM:    62       62      H        3.1269   -1.1326    0.4038
  QMMM:    63       63      H        1.0984   -1.3394   -0.7429
  QMMM:    64       64      H        1.9071   -0.1665   -1.9113
  QMMM:    65       65      H        0.9808    2.0400   -1.9639
  QMMM:    66       66      H        1.6034    2.2672   -0.2553
  QMMM:    67       67      H       -1.4452    2.0837   -0.7140
  QMMM:    68       68      H       -0.5731    3.6406   -1.1757
  QMMM:    69       69      H       -1.7306    1.7817    1.6861
  QMMM:    70       70      H        0.0539    1.3753    1.5953
  QMMM:    71       71      H       -0.7008    2.0778    3.9423
  QMMM:    72       72      H        0.0647    4.4062    4.3963
  QMMM:    73       73      H        0.1482    4.7473    2.5733

           --------- Calculation Completed ----------

