            --------------------------------------------------------
                             AMBER SQM VERSION 19
 
                                     By
              Ross C. Walker, Michael F. Crowley, Scott Brozell,
                         Tim Giese, Andreas W. Goetz,
                        Tai-Sung Lee and David A. Case
 
            --------------------------------------------------------
 

--------------------------------------------------------------------------------
  QM CALCULATION INFO
--------------------------------------------------------------------------------

| QMMM: Citation for AMBER QMMM Run:
| QMMM: R.C. Walker, M.F. Crowley and D.A. Case, J. COMP. CHEM. 29:1019, 2008

QMMM: SINGLET STATE CALCULATION
QMMM: RHF CALCULATION, NO. OF DOUBLY OCCUPIED LEVELS = 73

| QMMM: *** Selected Hamiltonian *** 
| QMMM: AM1         

| QMMM: *** Parameter sets in use ***
| QMMM: C : M.J.S.DEWAR et al. JACS, 107, 3902, (1985)
| QMMM: N : M.J.S.DEWAR et al. JACS, 107, 3902, (1985)
| QMMM: H : M.J.S.DEWAR et al. JACS, 107, 3902, (1985)

| QMMM: *** SCF convergence criteria ***
| QMMM: Energy change                :  0.1D-09 kcal/mol
| QMMM: Error matrix |FP-PF|         :  0.1D+00 au
| QMMM: Density matrix change        :  0.5D-06
| QMMM: Maximum number of SCF cycles :     1000

| QMMM: *** Diagonalization Routine Information ***
| QMMM: Pseudo diagonalizations are allowed.
| QMMM: Auto diagonalization routine selection is in use.
| QMMM:
| QMMM: Timing diagonalization routines:
| QMMM:                              norbs =      146
| QMMM:    diag iterations used for timing =       10
| QMMM:
| QMMM:              Internal diag routine = 0.051150 seconds
| QMMM:                 Dspev diag routine = 0.043204 seconds
| QMMM:                Dspevd diag routine = 0.019713 seconds
| QMMM:                Dspevx diag routine = 0.118531 seconds
| QMMM:                 Dsyev diag routine = 0.041301 seconds
| QMMM:                Dsyevd diag routine = 0.014139 seconds
| QMMM:                Dsyevr diag routine = 0.022603 seconds
| QMMM:
| QMMM:                Pseudo diag routine = 0.026155 seconds
| QMMM: Pseudo diagonalization appears to be slower than regular
| QMMM: diagonalization. Setting pseudo_diag=0 for optimum performance.
| QMMM:
| QMMM: Using dsyevd routine (diag_routine=6).

  QMMM: QM Region Cartesian Coordinates (*=link atom) 
  QMMM: QM_NO.   MM_NO.  ATOM         X         Y         Z
  QMMM:     1        1      C        1.8700    7.7030   -1.0020
  QMMM:     2        2      C        0.5810    6.8950   -0.9640
  QMMM:     3        3      N        0.6740    5.5720   -0.1640
  QMMM:     4        4      C        1.7680    4.6760   -0.7250
  QMMM:     5        5      C        0.9740    5.8590    1.3040
  QMMM:     6        6      C       -0.7220    4.8830   -0.3030
  QMMM:     7        7      C       -0.9210    3.5330    0.3630
  QMMM:     8        8      C       -1.3100    3.5310    1.7150
  QMMM:     9        9      C       -1.4930    2.3400    2.4080
  QMMM:    10       10      C       -1.3110    1.1130    1.7690
  QMMM:    11       11      C       -1.4980   -0.0740    2.4750
  QMMM:    12       12      C       -1.3390   -1.3130    1.8510
  QMMM:    13       13      C       -0.9880   -1.4280    0.4890
  QMMM:    14       14      C       -0.8260   -2.6930   -0.1800
  QMMM:    15       15      C       -1.0460   -3.9690    0.6230
  QMMM:    16       16      N       -0.8010   -5.4100    0.0800
  QMMM:    17       17      C       -1.1400   -6.3560    1.2540
  QMMM:    18       18      C       -1.7670   -5.7450   -1.0510
  QMMM:    19       19      C        0.6790   -5.5920   -0.3020
  QMMM:    20       20      C        1.0250   -7.0040   -0.7510
  QMMM:    21       21      C       -0.5030   -2.6780   -1.5420
  QMMM:    22       22      C       -0.3220   -1.4810   -2.2340
  QMMM:    23       23      C       -0.4640   -0.2510   -1.5930
  QMMM:    24       24      C       -0.2870    0.9340   -2.3070
  QMMM:    25       25      C       -0.4360    2.1740   -1.6830
  QMMM:    26       26      C       -0.7610    2.2860   -0.3160
  QMMM:    27       27      C       -0.9520    1.0680    0.4040
  QMMM:    28       28      C       -0.8000   -0.2080   -0.2260
  QMMM:    29       29      H        2.2060    8.0030   -0.0050
  QMMM:    30       30      H        2.6790    7.1640   -1.5000
  QMMM:    31       31      H        1.7020    8.6250   -1.5700
  QMMM:    32       32      H        0.2850    6.6290   -1.9860
  QMMM:    33       33      H       -0.2210    7.4880   -0.5090
  QMMM:    34       34      H        2.7360    5.1610   -0.5700
  QMMM:    35       35      H        1.7650    3.7280   -0.1850
  QMMM:    36       36      H        1.5820    4.5250   -1.7910
  QMMM:    37       37      H        0.1710    6.4830    1.7070
  QMMM:    38       38      H        1.9350    6.3730    1.3800
  QMMM:    39       39      H        1.0460    4.9120    1.8430
  QMMM:    40       40      H       -1.4510    5.5940    0.1100
  QMMM:    41       41      H       -0.9410    4.8290   -1.3740
  QMMM:    42       42      H       -1.4870    4.4630    2.2510
  QMMM:    43       43      H       -1.7900    2.3820    3.4560
  QMMM:    44       44      H       -1.7790   -0.0530    3.5290
  QMMM:    45       45      H       -1.5120   -2.1850    2.4770
  QMMM:    46       46      H       -2.0930   -3.9670    0.9550
  QMMM:    47       47      H       -0.4000   -3.9100    1.5080
  QMMM:    48       48      H       -2.1630   -6.1440    1.5810
  QMMM:    49       49      H       -1.0750   -7.3910    0.9110
  QMMM:    50       50      H       -0.4290   -6.1720    2.0650
  QMMM:    51       51      H       -1.4120   -5.3080   -1.9820
  QMMM:    52       52      H       -2.7570   -5.3610   -0.7910
  QMMM:    53       53      H       -1.8130   -6.8320   -1.1650
  QMMM:    54       54      H        0.9110   -4.8980   -1.1080
  QMMM:    55       55      H        1.2760   -5.3140    0.5740
  QMMM:    56       56      H        0.9300   -7.7290    0.0620
  QMMM:    57       57      H        0.4080   -7.3330   -1.5920
  QMMM:    58       58      H        2.0690   -7.0330   -1.0820
  QMMM:    59       59      H       -0.3760   -3.5780   -2.1260
  QMMM:    60       60      H       -0.0700   -1.5220   -3.2940
  QMMM:    61       61      H       -0.0420    0.9070   -3.3680
  QMMM:    62       62      H       -0.3040    3.0460   -2.3170

--------------------------------------------------------------------------------
  RESULTS
--------------------------------------------------------------------------------

      iter         sqm energy              rms gradient
      ----    -------------------    -----------------------
xmin    10      416.4454 kcal/mol        0.4389 kcal/(mol*A)
xmin    20      416.2102 kcal/mol        0.1085 kcal/(mol*A)
xmin    30      416.1540 kcal/mol        0.1648 kcal/(mol*A)
xmin    40      416.0565 kcal/mol        0.0797 kcal/(mol*A)
xmin    50      415.9830 kcal/mol        0.2546 kcal/(mol*A)
xmin    60      415.9543 kcal/mol        0.0411 kcal/(mol*A)
xmin    70      415.9296 kcal/mol        0.0206 kcal/(mol*A)
xmin    80      415.9271 kcal/mol        0.0154 kcal/(mol*A)
xmin    90      415.9256 kcal/mol        0.0190 kcal/(mol*A)
xmin   100      415.9251 kcal/mol        0.0096 kcal/(mol*A)
xmin   110      415.9250 kcal/mol        0.0067 kcal/(mol*A)
xmin   120      415.9250 kcal/mol        0.0079 kcal/(mol*A)
xmin   130      415.9249 kcal/mol        0.0083 kcal/(mol*A)
xmin   140      415.9249 kcal/mol        0.0025 kcal/(mol*A)
xmin   150      415.9248 kcal/mol        0.0032 kcal/(mol*A)
  ... geometry converged !
 
 Final MO eigenvalues (eV):
 -47.6767  -47.4458  -46.4732  -44.0598  -42.4566  -40.6362  -38.9528  -38.2015
 -37.6671  -36.5432  -36.4051  -35.5803  -34.9443  -34.6834  -34.2425  -33.2961
 -31.7406  -31.3352  -29.6575  -29.0198  -28.8153  -28.3241  -28.0837  -27.2492
 -25.4916  -24.0270  -23.7485  -23.6616  -23.6266  -23.5006  -23.3914  -22.8970
 -22.7352  -22.5634  -21.5431  -21.0003  -20.8931  -20.8399  -20.6614  -20.3627
 -20.1795  -20.0483  -19.9197  -19.7785  -19.6945  -19.5681  -19.3098  -19.2740
 -19.1631  -19.1354  -19.0866  -18.9483  -18.9236  -18.9009  -18.7967  -18.7210
 -18.6126  -18.4813  -18.2440  -18.1055  -18.0495  -17.9664  -17.7153  -17.5650
 -17.5238  -17.4778  -16.9503  -16.5523  -16.2348  -15.3880  -15.0094  -14.2373
 -13.3768   -6.3817   -5.5085   -5.3417   -5.1967   -4.6348   -4.5472   -3.9574
  -3.3280   -3.2032   -3.1647   -3.0910   -3.0776   -2.9436   -2.8827   -2.6684
  -2.2954   -2.1873   -2.1530   -2.1037   -2.0518   -2.0211   -1.9868   -1.9605
  -1.9490   -1.8571   -1.8112   -1.8030   -1.7950   -1.7418   -1.7017   -1.6839
  -1.6683   -1.6342   -1.6118   -1.5589   -1.5523   -1.5272   -1.4992   -1.4605
  -1.4227   -1.4177   -1.3721   -1.3606   -1.3265   -1.2609   -1.1843   -1.1289
  -1.0396   -0.9359   -0.8378   -0.7918   -0.7769   -0.7032   -0.6741   -0.6556
  -0.6109   -0.4715   -0.3614   -0.3231   -0.2927   -0.1903   -0.1141   -0.0632
   0.0415    0.0612    0.1593    0.2122    0.2308    0.4822    0.5808    0.6434
   0.7981    0.8174

 Heat of formation   =        415.92474188 kcal/mol  (       18.03585022 eV)

 Total SCF energy    =     -96735.23394565 kcal/mol  (    -4194.75451826 eV)
 Electronic energy   =    -875028.54394080 kcal/mol  (   -37944.08498941 eV)
 Core-core repulsion =     778293.30999515 kcal/mol  (    33749.33047115 eV)
 
    Atomic Charges for Step       1 :
  Atom    Element       Mulliken Charge
     1      C                 -0.249
     2      C                 -0.119
     3      N                  0.024
     4      C                 -0.191
     5      C                 -0.190
     6      C                 -0.070
     7      C                 -0.141
     8      C                 -0.100
     9      C                 -0.097
    10      C                 -0.005
    11      C                 -0.081
    12      C                 -0.132
    13      C                 -0.007
    14      C                 -0.101
    15      C                 -0.077
    16      N                  0.029
    17      C                 -0.189
    18      C                 -0.190
    19      C                 -0.127
    20      C                 -0.248
    21      C                 -0.128
    22      C                 -0.085
    23      C                 -0.024
    24      C                 -0.072
    25      C                 -0.147
    26      C                  0.012
    27      C                 -0.022
    28      C                 -0.005
    29      H                  0.107
    30      H                  0.106
    31      H                  0.142
    32      H                  0.135
    33      H                  0.139
    34      H                  0.143
    35      H                  0.144
    36      H                  0.133
    37      H                  0.136
    38      H                  0.143
    39      H                  0.143
    40      H                  0.144
    41      H                  0.142
    42      H                  0.145
    43      H                  0.166
    44      H                  0.162
    45      H                  0.136
    46      H                  0.142
    47      H                  0.144
    48      H                  0.141
    49      H                  0.148
    50      H                  0.140
    51      H                  0.143
    52      H                  0.140
    53      H                  0.144
    54      H                  0.143
    55      H                  0.139
    56      H                  0.107
    57      H                  0.105
    58      H                  0.141
    59      H                  0.134
    60      H                  0.163
    61      H                  0.159
    62      H                  0.129
 Total Mulliken Charge =       2.000
 
                  X        Y        Z     TOTAL  
  QM DIPOLE    -1.578    0.804   -0.145    1.777
 
 Final Structure

  QMMM: QM Region Cartesian Coordinates (*=link atom) 
  QMMM: QM_NO.   MM_NO.  ATOM         X         Y         Z
  QMMM:     1        1      C        1.5568    7.7235   -1.0630
  QMMM:     2        2      C        0.3320    6.8388   -0.9900
  QMMM:     3        3      N        0.5205    5.5321   -0.2478
  QMMM:     4        4      C        1.6679    4.7791   -0.8256
  QMMM:     5        5      C        0.7813    5.8056    1.1935
  QMMM:     6        6      C       -0.7617    4.7357   -0.4057
  QMMM:     7        7      C       -0.8124    3.4413    0.3405
  QMMM:     8        8      C       -1.2651    3.4808    1.6678
  QMMM:     9        9      C       -1.4374    2.3179    2.4039
  QMMM:    10       10      C       -1.1744    1.0710    1.8187
  QMMM:    11       11      C       -1.3503   -0.1506    2.5554
  QMMM:    12       12      C       -1.1279   -1.3587    1.9795
  QMMM:    13       13      C       -0.7118   -1.4773    0.6053
  QMMM:    14       14      C       -0.5069   -2.7298   -0.0254
  QMMM:    15       15      C       -0.7945   -3.9388    0.8146
  QMMM:    16       16      N       -0.8712   -5.3107    0.1934
  QMMM:    17       17      C       -1.3881   -6.2444    1.2530
  QMMM:    18       18      C       -1.8398   -5.3386   -0.9389
  QMMM:    19       19      C        0.5063   -5.7810   -0.2132
  QMMM:    20       20      C        0.5269   -6.9125   -1.2173
  QMMM:    21       21      C       -0.0426   -2.7635   -1.3400
  QMMM:    22       22      C        0.1842   -1.5928   -2.0589
  QMMM:    23       23      C       -0.0477   -0.3453   -1.4733
  QMMM:    24       24      C        0.1555    0.8773   -2.2035
  QMMM:    25       25      C       -0.0751    2.0846   -1.6312
  QMMM:    26       26      C       -0.5355    2.2041   -0.2712
  QMMM:    27       27      C       -0.7309    1.0047    0.4742
  QMMM:    28       28      C       -0.4946   -0.2789   -0.1289
  QMMM:    29       29      H        1.9182    8.0317   -0.0524
  QMMM:    30       30      H        2.3943    7.2341   -1.6168
  QMMM:    31       31      H        1.2689    8.6522   -1.6226
  QMMM:    32       32      H       -0.0015    6.5792   -2.0363
  QMMM:    33       33      H       -0.5038    7.3931   -0.4729
  QMMM:    34       34      H        2.6301    5.2906   -0.5547
  QMMM:    35       35      H        1.6690    3.7338   -0.4134
  QMMM:    36       36      H        1.5661    4.7443   -1.9426
  QMMM:    37       37      H       -0.0847    6.3714    1.6286
  QMMM:    38       38      H        1.7181    6.4157    1.2977
  QMMM:    39       39      H        0.9090    4.8322    1.7389
  QMMM:    40       40      H       -1.5985    5.4022   -0.0387
  QMMM:    41       41      H       -0.9116    4.5667   -1.5104
  QMMM:    42       42      H       -1.5065    4.4510    2.1340
  QMMM:    43       43      H       -1.7926    2.3696    3.4467
  QMMM:    44       44      H       -1.6713   -0.0739    3.6084
  QMMM:    45       45      H       -1.2560   -2.2684    2.5865
  QMMM:    46       46      H       -1.8039   -3.7801    1.3058
  QMMM:    47       47      H        0.0003   -4.0009    1.6186
  QMMM:    48       48      H       -2.4509   -5.9818    1.5000
  QMMM:    49       49      H       -1.3440   -7.2973    0.8650
  QMMM:    50       50      H       -0.7542   -6.1589    2.1750
  QMMM:    51       51      H       -1.4288   -4.7939   -1.8270
  QMMM:    52       52      H       -2.7976   -4.8491   -0.6155
  QMMM:    53       53      H       -2.0445   -6.4057   -1.2268
  QMMM:    54       54      H        1.0712   -4.8975   -0.6263
  QMMM:    55       55      H        1.0342   -6.1059    0.7316
  QMMM:    56       56      H       -0.0471   -7.8032   -0.8634
  QMMM:    57       57      H        0.1265   -6.5933   -2.2102
  QMMM:    58       58      H        1.5951   -7.2238   -1.3575
  QMMM:    59       59      H        0.1687   -3.7099   -1.8618
  QMMM:    60       60      H        0.5468   -1.6515   -3.0988
  QMMM:    61       61      H        0.5019    0.7995   -3.2482
  QMMM:    62       62      H        0.0856    3.0005   -2.2203

           --------- Calculation Completed ----------

