            --------------------------------------------------------
                             AMBER SQM VERSION 19
 
                                     By
              Ross C. Walker, Michael F. Crowley, Scott Brozell,
                         Tim Giese, Andreas W. Goetz,
                        Tai-Sung Lee and David A. Case
 
            --------------------------------------------------------
 

--------------------------------------------------------------------------------
  QM CALCULATION INFO
--------------------------------------------------------------------------------

| QMMM: Citation for AMBER QMMM Run:
| QMMM: R.C. Walker, M.F. Crowley and D.A. Case, J. COMP. CHEM. 29:1019, 2008

QMMM: SINGLET STATE CALCULATION
QMMM: RHF CALCULATION, NO. OF DOUBLY OCCUPIED LEVELS = 75

| QMMM: *** Selected Hamiltonian *** 
| QMMM: AM1         

| QMMM: *** Parameter sets in use ***
| QMMM: C : M.J.S.DEWAR et al. JACS, 107, 3902, (1985)
| QMMM: O : M.J.S.DEWAR et al. JACS, 107, 3902, (1985)
| QMMM: H : M.J.S.DEWAR et al. JACS, 107, 3902, (1985)

| QMMM: *** SCF convergence criteria ***
| QMMM: Energy change                :  0.1D-09 kcal/mol
| QMMM: Error matrix |FP-PF|         :  0.1D+00 au
| QMMM: Density matrix change        :  0.5D-06
| QMMM: Maximum number of SCF cycles :     1000

| QMMM: *** Diagonalization Routine Information ***
| QMMM: Pseudo diagonalizations are allowed.
| QMMM: Auto diagonalization routine selection is in use.
| QMMM:
| QMMM: Timing diagonalization routines:
| QMMM:                              norbs =      142
| QMMM:    diag iterations used for timing =       10
| QMMM:
| QMMM:              Internal diag routine = 0.050964 seconds
| QMMM:                 Dspev diag routine = 0.042761 seconds
| QMMM:                Dspevd diag routine = 0.019606 seconds
| QMMM:                Dspevx diag routine = 0.127679 seconds
| QMMM:                 Dsyev diag routine = 0.037944 seconds
| QMMM:                Dsyevd diag routine = 0.012986 seconds
| QMMM:                Dsyevr diag routine = 0.021440 seconds
| QMMM:
| QMMM:                Pseudo diag routine = 0.023457 seconds
| QMMM: Pseudo diagonalization appears to be slower than regular
| QMMM: diagonalization. Setting pseudo_diag=0 for optimum performance.
| QMMM:
| QMMM: Using dsyevd routine (diag_routine=6).

  QMMM: QM Region Cartesian Coordinates (*=link atom) 
  QMMM: QM_NO.   MM_NO.  ATOM         X         Y         Z
  QMMM:     1        1      C       -6.7070   -4.4250   -2.5160
  QMMM:     2        2      C       -5.4010   -4.4520   -1.7410
  QMMM:     3        3      O       -4.4440   -5.2900   -2.3850
  QMMM:     4        4      C       -3.7050   -4.6380   -3.4180
  QMMM:     5        5      C       -2.5680   -3.8180   -2.8580
  QMMM:     6        6      C       -1.7070   -4.3570   -1.8940
  QMMM:     7        7      C       -0.6410   -3.6060   -1.3900
  QMMM:     8        8      C       -0.4020   -2.2970   -1.8370
  QMMM:     9        9      C        0.7190   -1.5050   -1.3050
  QMMM:    10       10      C        2.0300   -2.0030   -1.3270
  QMMM:    11       11      C        3.0940   -1.2450   -0.8230
  QMMM:    12       12      C        4.4900   -1.7440   -0.8370
  QMMM:    13       13      O        5.4680   -1.1350   -0.4460
  QMMM:    14       14      O        4.5970   -2.9870   -1.3380
  QMMM:    15       15      C        2.8520    0.0270   -0.2880
  QMMM:    16       16      C        1.5540    0.5570   -0.2460
  QMMM:    17       17      C        1.2970    1.8910    0.3230
  QMMM:    18       18      C        0.3210    2.0810    1.3140
  QMMM:    19       19      C        0.0750    3.3470    1.8570
  QMMM:    20       20      C        0.8060    4.4590    1.4260
  QMMM:    21       21      C        0.5260    5.8290    1.9930
  QMMM:    22       22      O        1.7250    6.5500    2.2810
  QMMM:    23       23      C        2.3260    6.1470    3.5110
  QMMM:    24       24      C        3.5860    6.9670    3.7150
  QMMM:    25       25      C        1.7740    4.2820    0.4300
  QMMM:    26       26      C        2.0190    3.0150   -0.1100
  QMMM:    27       27      C        0.5040   -0.2250   -0.7610
  QMMM:    28       28      C       -1.2650   -1.7670   -2.8100
  QMMM:    29       29      C       -2.3320   -2.5170   -3.3170
  QMMM:    30       30      H       -7.0800   -5.4420   -2.6770
  QMMM:    31       31      H       -7.4650   -3.8530   -1.9740
  QMMM:    32       32      H       -6.5750   -3.9730   -3.5040
  QMMM:    33       33      H       -5.0100   -3.4400   -1.5870
  QMMM:    34       34      H       -5.5880   -4.8830   -0.7510
  QMMM:    35       35      H       -4.3690   -4.0350   -4.0470
  QMMM:    36       36      H       -3.2770   -5.4180   -4.0580
  QMMM:    37       37      H       -1.8700   -5.3680   -1.5260
  QMMM:    38       38      H       -0.0000   -4.0520   -0.6310
  QMMM:    39       39      H        2.2210   -2.9860   -1.7540
  QMMM:    40       40      H        5.5560   -3.1790   -1.2850
  QMMM:    41       41      H        3.6850    0.6040    0.1130
  QMMM:    42       42      H       -0.2550    1.2330    1.6830
  QMMM:    43       43      H       -0.6910    3.4520    2.6220
  QMMM:    44       44      H       -0.0280    6.4010    1.2400
  QMMM:    45       45      H       -0.1050    5.7790    2.8890
  QMMM:    46       46      H        1.6310    6.3260    4.3380
  QMMM:    47       47      H        2.5810    5.0830    3.4800
  QMMM:    48       48      H        4.0820    6.6940    4.6500
  QMMM:    49       49      H        4.2840    6.8120    2.8850
  QMMM:    50       50      H        3.3500    8.0360    3.7380
  QMMM:    51       51      H        2.3490    5.1350    0.0730
  QMMM:    52       52      H        2.7770    2.9160   -0.8840
  QMMM:    53       53      H       -0.5110    0.1730   -0.7370
  QMMM:    54       54      H       -1.1040   -0.7610   -3.1930
  QMMM:    55       55      H       -2.9740   -2.0750   -4.0750

--------------------------------------------------------------------------------
  RESULTS
--------------------------------------------------------------------------------

      iter         sqm energy              rms gradient
      ----    -------------------    -----------------------
xmin    10     -123.1589 kcal/mol        0.2828 kcal/(mol*A)
xmin    20     -123.4859 kcal/mol        0.1890 kcal/(mol*A)
xmin    30     -123.6863 kcal/mol        0.2940 kcal/(mol*A)
xmin    40     -123.7873 kcal/mol        0.1572 kcal/(mol*A)
xmin    50     -123.8145 kcal/mol        0.0955 kcal/(mol*A)
xmin    60     -123.8681 kcal/mol        0.2317 kcal/(mol*A)
xmin    70     -123.8932 kcal/mol        0.0724 kcal/(mol*A)
xmin    80     -123.9152 kcal/mol        0.0487 kcal/(mol*A)
xmin    90     -123.9297 kcal/mol        0.0336 kcal/(mol*A)
xmin   100     -123.9315 kcal/mol        0.0445 kcal/(mol*A)
xmin   110     -123.9306 kcal/mol        0.1030 kcal/(mol*A)
xmin   120     -123.9319 kcal/mol        0.0140 kcal/(mol*A)
xmin   130     -123.9321 kcal/mol        0.0015 kcal/(mol*A)
xmin   140     -123.9321 kcal/mol        0.0040 kcal/(mol*A)
xmin   150     -123.9322 kcal/mol        0.0040 kcal/(mol*A)
xmin   160     -123.9322 kcal/mol        0.0042 kcal/(mol*A)
xmin   170     -123.9323 kcal/mol        0.0086 kcal/(mol*A)
xmin   180     -123.9323 kcal/mol        0.0029 kcal/(mol*A)
xmin   190     -123.9323 kcal/mol        0.0006 kcal/(mol*A)
  ... geometry converged !
 
 Final MO eigenvalues (eV):
 -41.3714  -40.5035  -40.3318  -39.5440  -38.7444  -38.1093  -36.5333  -34.6786
 -33.8596  -32.3546  -32.0808  -31.7670  -31.6708  -30.8479  -30.3215  -27.1534
 -26.8107  -25.8718  -24.4051  -23.7792  -23.5781  -23.3013  -22.9399  -22.3547
 -21.2755  -21.0245  -18.8632  -18.7247  -17.8231  -17.6639  -17.4582  -17.2231
 -17.1610  -16.9995  -16.6496  -16.3337  -16.2462  -16.1243  -16.1066  -15.7286
 -15.5427  -15.4034  -15.2698  -14.7121  -14.4391  -14.3999  -14.2926  -14.2390
 -14.1365  -13.8953  -13.7231  -13.5839  -13.3507  -13.2002  -13.1413  -12.9462
 -12.8260  -12.7007  -12.4637  -12.3906  -12.3365  -12.2257  -12.1154  -12.0490
 -11.8303  -11.6170  -11.5430  -10.8171  -10.6663  -10.5822  -10.4057   -9.9101
  -9.8879   -9.3108   -9.0624   -0.5994   -0.5130    0.1169    0.3406    0.3607
   0.6430    1.4377    2.1997    2.3934    2.6224    2.7808    2.8791    2.9043
   3.3207    3.3795    3.6134    3.6559    3.6671    3.7298    3.7445    3.7840
   3.8116    3.8353    3.8707    3.9142    3.9401    4.0420    4.0662    4.1016
   4.1320    4.1676    4.2133    4.2388    4.2644    4.2724    4.2904    4.3601
   4.3757    4.4288    4.5100    4.5515    4.5988    4.6894    4.7404    4.7939
   4.8179    4.8600    4.8887    4.9228    4.9326    4.9957    5.0065    5.0751
   5.0839    5.1937    5.2540    5.3281    5.4012    5.4245    5.4829    5.5127
   5.5944    5.8471    5.8675    6.2048    6.2276    6.6440

 Heat of formation   =       -123.93226449 kcal/mol  (       -5.37410626 eV)

 Total SCF energy    =    -111633.81810244 kcal/mol  (    -4840.80560697 eV)
 Electronic energy   =    -842917.90703749 kcal/mol  (   -36551.66328596 eV)
 Core-core repulsion =     731284.08893504 kcal/mol  (    31710.85767898 eV)
 
    Atomic Charges for Step       1 :
  Atom    Element       Mulliken Charge
     1      C                 -0.245
     2      C                 -0.030
     3      O                 -0.273
     4      C                  0.011
     5      C                 -0.107
     6      C                 -0.114
     7      C                 -0.117
     8      C                 -0.043
     9      C                 -0.050
    10      C                 -0.059
    11      C                 -0.115
    12      C                  0.352
    13      O                 -0.364
    14      O                 -0.316
    15      C                 -0.062
    16      C                 -0.048
    17      C                 -0.043
    18      C                 -0.118
    19      C                 -0.127
    20      C                 -0.108
    21      C                  0.014
    22      O                 -0.276
    23      C                 -0.028
    24      C                 -0.215
    25      C                 -0.113
    26      C                 -0.116
    27      C                 -0.078
    28      C                 -0.118
    29      C                 -0.126
    30      H                  0.089
    31      H                  0.082
    32      H                  0.075
    33      H                  0.077
    34      H                  0.102
    35      H                  0.079
    36      H                  0.116
    37      H                  0.149
    38      H                  0.138
    39      H                  0.161
    40      H                  0.246
    41      H                  0.162
    42      H                  0.135
    43      H                  0.133
    44      H                  0.116
    45      H                  0.077
    46      H                  0.065
    47      H                  0.074
    48      H                  0.081
    49      H                  0.086
    50      H                  0.087
    51      H                  0.150
    52      H                  0.140
    53      H                  0.144
    54      H                  0.136
    55      H                  0.133
 Total Mulliken Charge =      -0.000
 
                  X        Y        Z     TOTAL  
  QM DIPOLE    -3.042    0.325    0.788    3.160
 
 Final Structure

  QMMM: QM Region Cartesian Coordinates (*=link atom) 
  QMMM: QM_NO.   MM_NO.  ATOM         X         Y         Z
  QMMM:     1        1      C       -6.3487   -4.7766   -2.1030
  QMMM:     2        2      C       -4.9200   -5.2060   -1.8659
  QMMM:     3        3      O       -4.2115   -5.4122   -3.0844
  QMMM:     4        4      C       -3.8136   -4.2214   -3.7477
  QMMM:     5        5      C       -2.6942   -3.5015   -3.0683
  QMMM:     6        6      C       -1.8035   -4.1776   -2.2286
  QMMM:     7        7      C       -0.7429   -3.5000   -1.6338
  QMMM:     8        8      C       -0.5548   -2.1308   -1.8698
  QMMM:     9        9      C        0.5587   -1.4176   -1.2464
  QMMM:    10       10      C        1.8202   -2.0204   -1.1553
  QMMM:    11       11      C        2.8803   -1.3294   -0.5608
  QMMM:    12       12      C        4.2130   -1.9346   -0.4547
  QMMM:    13       13      O        5.2496   -1.4405    0.0040
  QMMM:    14       14      O        4.3139   -3.2129   -0.9263
  QMMM:    15       15      C        2.6931   -0.0383   -0.0531
  QMMM:    16       16      C        1.4341    0.5689   -0.1382
  QMMM:    17       17      C        1.2285    1.9157    0.3920
  QMMM:    18       18      C        0.0535    2.2337    1.0880
  QMMM:    19       19      C       -0.1398    3.5156    1.5948
  QMMM:    20       20      C        0.8337    4.5036    1.4106
  QMMM:    21       21      C        0.5883    5.8851    1.9244
  QMMM:    22       22      O        1.7756    6.6295    2.1511
  QMMM:    23       23      C        2.5013    6.2018    3.3055
  QMMM:    24       24      C        3.7282    7.0783    3.3994
  QMMM:    25       25      C        2.0054    4.1893    0.7149
  QMMM:    26       26      C        2.2042    2.9064    0.2122
  QMMM:    27       27      C        0.3743   -0.1260   -0.7360
  QMMM:    28       28      C       -1.4487   -1.4550   -2.7127
  QMMM:    29       29      C       -2.5086   -2.1351   -3.3057
  QMMM:    30       30      H       -6.8402   -5.4543   -2.8416
  QMMM:    31       31      H       -6.9159   -4.8162   -1.1426
  QMMM:    32       32      H       -6.3938   -3.7339   -2.4986
  QMMM:    33       33      H       -4.3766   -4.4620   -1.2252
  QMMM:    34       34      H       -4.8867   -6.2175   -1.3753
  QMMM:    35       35      H       -4.6948   -3.5377   -3.8812
  QMMM:    36       36      H       -3.4691   -4.5878   -4.7564
  QMMM:    37       37      H       -1.9526   -5.2534   -2.0429
  QMMM:    38       38      H       -0.0503   -4.0412   -0.9712
  QMMM:    39       39      H        1.9840   -3.0343   -1.5563
  QMMM:    40       40      H        5.2286   -3.5215   -0.8151
  QMMM:    41       41      H        3.5404    0.4886    0.4167
  QMMM:    42       42      H       -0.7157    1.4621    1.2434
  QMMM:    43       43      H       -1.0635    3.7517    2.1443
  QMMM:    44       44      H        0.0467    6.4882    1.1415
  QMMM:    45       45      H       -0.0307    5.8489    2.8620
  QMMM:    46       46      H        1.8523    6.3153    4.2148
  QMMM:    47       47      H        2.7812    5.1207    3.1884
  QMMM:    48       48      H        4.3244    6.7834    4.2951
  QMMM:    49       49      H        4.3588    6.9643    2.4856
  QMMM:    50       50      H        3.4348    8.1512    3.4908
  QMMM:    51       51      H        2.7702    4.9694    0.5711
  QMMM:    52       52      H        3.1292    2.6706   -0.3361
  QMMM:    53       53      H       -0.6171    0.3501   -0.8061
  QMMM:    54       54      H       -1.3059   -0.3822   -2.9133
  QMMM:    55       55      H       -3.2024   -1.5943   -3.9671

           --------- Calculation Completed ----------

