            --------------------------------------------------------
                             AMBER SQM VERSION 19
 
                                     By
              Ross C. Walker, Michael F. Crowley, Scott Brozell,
                         Tim Giese, Andreas W. Goetz,
                        Tai-Sung Lee and David A. Case
 
            --------------------------------------------------------
 

--------------------------------------------------------------------------------
  QM CALCULATION INFO
--------------------------------------------------------------------------------

| QMMM: Citation for AMBER QMMM Run:
| QMMM: R.C. Walker, M.F. Crowley and D.A. Case, J. COMP. CHEM. 29:1019, 2008

QMMM: SINGLET STATE CALCULATION
QMMM: RHF CALCULATION, NO. OF DOUBLY OCCUPIED LEVELS = 36

| QMMM: *** Selected Hamiltonian *** 
| QMMM: AM1         

| QMMM: *** Parameter sets in use ***
| QMMM: C : M.J.S.DEWAR et al. JACS, 107, 3902, (1985)
| QMMM: O : M.J.S.DEWAR et al. JACS, 107, 3902, (1985)
| QMMM: H : M.J.S.DEWAR et al. JACS, 107, 3902, (1985)

| QMMM: *** SCF convergence criteria ***
| QMMM: Energy change                :  0.1D-09 kcal/mol
| QMMM: Error matrix |FP-PF|         :  0.1D+00 au
| QMMM: Density matrix change        :  0.5D-06
| QMMM: Maximum number of SCF cycles :     1000

| QMMM: *** Diagonalization Routine Information ***
| QMMM: Pseudo diagonalizations are allowed.
| QMMM: Auto diagonalization routine selection is in use.
| QMMM:
| QMMM: Timing diagonalization routines:
| QMMM:                              norbs =       66
| QMMM:    diag iterations used for timing =       15
| QMMM:
| QMMM:              Internal diag routine = 0.010138 seconds
| QMMM:                 Dspev diag routine = 0.025369 seconds
| QMMM:                Dspevd diag routine = 0.027572 seconds
| QMMM:                Dspevx diag routine = 0.039716 seconds
| QMMM:                 Dsyev diag routine = 0.011488 seconds
| QMMM:                Dsyevd diag routine = 0.007633 seconds
| QMMM:                Dsyevr diag routine = 0.009430 seconds
| QMMM:
| QMMM:                Pseudo diag routine = 0.004018 seconds
| QMMM:
| QMMM: Using dsyevd routine (diag_routine=6).

  QMMM: QM Region Cartesian Coordinates (*=link atom) 
  QMMM: QM_NO.   MM_NO.  ATOM         X         Y         Z
  QMMM:     1        1      C       -0.7750   -2.7450   -0.9030
  QMMM:     2        2      C        0.1770   -1.5830   -0.6850
  QMMM:     3        3      O        0.7380   -1.5950    0.6250
  QMMM:     4        4      C       -0.1650   -1.1450    1.6380
  QMMM:     5        5      C        0.5810   -1.0090    2.9710
  QMMM:     6        6      O        1.6310   -0.0350    2.9620
  QMMM:     7        7      C        1.1870    1.3080    2.7920
  QMMM:     8        8      C        1.6370    1.8460    1.4370
  QMMM:     9        9      O        1.1180    3.1650    1.2570
  QMMM:    10       10      C        1.4470    3.7070   -0.0190
  QMMM:    11       11      C        0.4150    3.2800   -1.0180
  QMMM:    12       12      C        0.6800    2.6210   -2.1540
  QMMM:    13       13      H       -0.2970   -3.6920   -0.6350
  QMMM:    14       14      H       -1.0930   -2.7910   -1.9490
  QMMM:    15       15      H       -1.6700   -2.6480   -0.2800
  QMMM:    16       16      H       -0.3130   -0.6230   -0.8860
  QMMM:    17       17      H        1.0120   -1.6730   -1.3880
  QMMM:    18       18      H       -0.6030   -0.1880    1.3400
  QMMM:    19       19      H       -0.9680   -1.8790    1.7580
  QMMM:    20       20      H       -0.1190   -0.7720    3.7800
  QMMM:    21       21      H        1.0570   -1.9650    3.2130
  QMMM:    22       22      H        0.1020    1.4110    2.9210
  QMMM:    23       23      H        1.6440    1.9120    3.5840
  QMMM:    24       24      H        2.7330    1.8660    1.3940
  QMMM:    25       25      H        1.2890    1.1880    0.6340
  QMMM:    26       26      H        1.4100    4.7970    0.0710
  QMMM:    27       27      H        2.4680    3.4360   -0.3140
  QMMM:    28       28      H       -0.6140    3.5390   -0.7800
  QMMM:    29       29      H        1.6930    2.3420   -2.4290
  QMMM:    30       30      H       -0.1200    2.3450   -2.8340

--------------------------------------------------------------------------------
  RESULTS
--------------------------------------------------------------------------------

      iter         sqm energy              rms gradient
      ----    -------------------    -----------------------
xmin    10     -131.6859 kcal/mol        0.4625 kcal/(mol*A)
xmin    20     -132.1081 kcal/mol        0.2228 kcal/(mol*A)
xmin    30     -132.3459 kcal/mol        0.1255 kcal/(mol*A)
xmin    40     -132.5053 kcal/mol        0.4108 kcal/(mol*A)
xmin    50     -132.6000 kcal/mol        0.2223 kcal/(mol*A)
xmin    60     -132.6515 kcal/mol        0.0750 kcal/(mol*A)
xmin    70     -132.8049 kcal/mol        0.0965 kcal/(mol*A)
xmin    80     -132.9001 kcal/mol        0.2114 kcal/(mol*A)
xmin    90     -132.9781 kcal/mol        0.1346 kcal/(mol*A)
xmin   100     -133.0405 kcal/mol        0.1445 kcal/(mol*A)
xmin   110     -133.1213 kcal/mol        0.1129 kcal/(mol*A)
xmin   120     -133.2503 kcal/mol        0.5767 kcal/(mol*A)
xmin   130     -133.3708 kcal/mol        0.4027 kcal/(mol*A)
xmin   140     -133.4694 kcal/mol        0.0764 kcal/(mol*A)
xmin   150     -133.6446 kcal/mol        0.2076 kcal/(mol*A)
xmin   160     -133.7306 kcal/mol        0.0857 kcal/(mol*A)
xmin   170     -133.8172 kcal/mol        0.1740 kcal/(mol*A)
xmin   180     -133.8316 kcal/mol        0.3132 kcal/(mol*A)
xmin   190     -133.8557 kcal/mol        0.0599 kcal/(mol*A)
xmin   200     -133.9405 kcal/mol        0.2042 kcal/(mol*A)
xmin   210     -133.9625 kcal/mol        0.0800 kcal/(mol*A)
xmin   220     -133.9721 kcal/mol        0.0363 kcal/(mol*A)
xmin   230     -133.9872 kcal/mol        0.0475 kcal/(mol*A)
xmin   240     -133.9901 kcal/mol        0.0292 kcal/(mol*A)
xmin   250     -133.9956 kcal/mol        0.0598 kcal/(mol*A)
xmin   260     -133.9986 kcal/mol        0.0475 kcal/(mol*A)
xmin   270     -134.0025 kcal/mol        0.0561 kcal/(mol*A)
xmin   280     -134.0036 kcal/mol        0.0106 kcal/(mol*A)
xmin   290     -134.0045 kcal/mol        0.0147 kcal/(mol*A)
xmin   300     -134.0059 kcal/mol        0.0156 kcal/(mol*A)
xmin   310     -134.0060 kcal/mol        0.0095 kcal/(mol*A)
xmin   320     -134.0062 kcal/mol        0.0086 kcal/(mol*A)
xmin   330     -134.0063 kcal/mol        0.0053 kcal/(mol*A)
xmin   340     -134.0063 kcal/mol        0.0020 kcal/(mol*A)
xmin   350     -134.0063 kcal/mol        0.0038 kcal/(mol*A)
xmin   360     -134.0063 kcal/mol        0.0017 kcal/(mol*A)
xmin   370     -134.0063 kcal/mol        0.0045 kcal/(mol*A)
xmin   380     -134.0063 kcal/mol        0.0079 kcal/(mol*A)
xmin   390     -134.0063 kcal/mol        0.0037 kcal/(mol*A)
  ... geometry converged !
 
 Final MO eigenvalues (eV):
 -39.9081  -38.9397  -38.0714  -34.2952  -32.2122  -30.9092  -29.4074  -26.6504
 -24.1971  -23.3712  -22.5414  -20.9869  -18.1016  -17.7412  -17.1821  -17.1494
 -16.5817  -16.1747  -15.5833  -15.3985  -14.8397  -14.7065  -14.0584  -13.7494
 -13.2308  -13.0394  -12.7679  -12.4449  -12.2836  -12.0591  -11.9941  -11.4248
 -10.7256  -10.6172  -10.3335  -10.2719    1.0651    2.6637    3.0022    3.1846
   3.6715    3.8008    3.9003    3.9205    4.0357    4.0795    4.1991    4.2333
   4.2750    4.3122    4.3312    4.3725    4.3783    4.4895    4.5657    4.6357
   4.7276    4.8392    4.8687    4.9454    5.0497    5.3185    5.5097    6.1462
   6.3932    6.4153

 Heat of formation   =       -134.00634237 kcal/mol  (       -5.81095106 eV)

 Total SCF energy    =     -54463.07371829 kcal/mol  (    -2361.69609810 eV)
 Electronic energy   =    -296400.53011115 kcal/mol  (   -12852.89146660 eV)
 Core-core repulsion =     241937.45639287 kcal/mol  (    10491.19536850 eV)
 
    Atomic Charges for Step       1 :
  Atom    Element       Mulliken Charge
     1      C                 -0.249
     2      C                 -0.021
     3      O                 -0.279
     4      C                 -0.065
     5      C                 -0.022
     6      O                 -0.275
     7      C                 -0.029
     8      C                 -0.052
     9      O                 -0.288
    10      C                  0.002
    11      C                 -0.201
    12      C                 -0.213
    13      H                  0.088
    14      H                  0.080
    15      H                  0.076
    16      H                  0.065
    17      H                  0.102
    18      H                  0.100
    19      H                  0.069
    20      H                  0.072
    21      H                  0.128
    22      H                  0.096
    23      H                  0.096
    24      H                  0.071
    25      H                  0.097
    26      H                  0.112
    27      H                  0.077
    28      H                  0.136
    29      H                  0.111
    30      H                  0.116
 Total Mulliken Charge =      -0.000
 
                  X        Y        Z     TOTAL  
  QM DIPOLE    -1.142    1.749   -0.786    2.232
 
 Final Structure

  QMMM: QM Region Cartesian Coordinates (*=link atom) 
  QMMM: QM_NO.   MM_NO.  ATOM         X         Y         Z
  QMMM:     1        1      C       -1.6502   -2.1385   -0.6610
  QMMM:     2        2      C       -0.1647   -1.8632   -0.6818
  QMMM:     3        3      O        0.4238   -1.9496    0.6091
  QMMM:     4        4      C        0.0392   -0.8917    1.4844
  QMMM:     5        5      C        0.9323   -0.9995    2.7164
  QMMM:     6        6      O        1.9914   -0.0539    2.7115
  QMMM:     7        7      C        1.6037    1.2926    2.9566
  QMMM:     8        8      C        1.8043    2.1290    1.6951
  QMMM:     9        9      O        0.5075    2.3814    1.1539
  QMMM:    10       10      C        0.5416    3.0992   -0.0737
  QMMM:    11       11      C        1.0496    2.2679   -1.1999
  QMMM:    12       12      C        1.4542    2.7781   -2.3598
  QMMM:    13       13      H       -1.8633   -3.0751   -0.0922
  QMMM:    14       14      H       -2.0263   -2.2560   -1.7051
  QMMM:    15       15      H       -2.2027   -1.2988   -0.1756
  QMMM:    16       16      H        0.0448   -0.8565   -1.1340
  QMMM:    17       17      H        0.3796   -2.6546   -1.2666
  QMMM:    18       18      H        0.1727    0.1038    0.9804
  QMMM:    19       19      H       -1.0386   -1.0264    1.7661
  QMMM:    20       20      H        0.3133   -0.8831    3.6443
  QMMM:    21       21      H        1.4659   -1.9899    2.7294
  QMMM:    22       22      H        0.5454    1.3702    3.3155
  QMMM:    23       23      H        2.3053    1.6550    3.7563
  QMMM:    24       24      H        2.2914    3.1077    1.9483
  QMMM:    25       25      H        2.4332    1.5782    0.9473
  QMMM:    26       26      H       -0.5376    3.3719   -0.2463
  QMMM:    27       27      H        1.1479    4.0375    0.0454
  QMMM:    28       28      H        1.0500    1.1806   -1.0095
  QMMM:    29       29      H        1.4647    3.8569   -2.5644
  QMMM:    30       30      H        1.8035    2.1465   -3.1870

           --------- Calculation Completed ----------

