            --------------------------------------------------------
                             AMBER SQM VERSION 19
 
                                     By
              Ross C. Walker, Michael F. Crowley, Scott Brozell,
                         Tim Giese, Andreas W. Goetz,
                        Tai-Sung Lee and David A. Case
 
            --------------------------------------------------------
 

--------------------------------------------------------------------------------
  QM CALCULATION INFO
--------------------------------------------------------------------------------

| QMMM: Citation for AMBER QMMM Run:
| QMMM: R.C. Walker, M.F. Crowley and D.A. Case, J. COMP. CHEM. 29:1019, 2008

QMMM: SINGLET STATE CALCULATION
QMMM: RHF CALCULATION, NO. OF DOUBLY OCCUPIED LEVELS = 63

| QMMM: *** Selected Hamiltonian *** 
| QMMM: AM1         

| QMMM: *** Parameter sets in use ***
| QMMM: O : M.J.S.DEWAR et al. JACS, 107, 3902, (1985)
| QMMM: C : M.J.S.DEWAR et al. JACS, 107, 3902, (1985)
| QMMM: H : M.J.S.DEWAR et al. JACS, 107, 3902, (1985)

| QMMM: *** SCF convergence criteria ***
| QMMM: Energy change                :  0.1D-09 kcal/mol
| QMMM: Error matrix |FP-PF|         :  0.1D+00 au
| QMMM: Density matrix change        :  0.5D-06
| QMMM: Maximum number of SCF cycles :     1000

| QMMM: *** Diagonalization Routine Information ***
| QMMM: Pseudo diagonalizations are allowed.
| QMMM: Auto diagonalization routine selection is in use.
| QMMM:
| QMMM: Timing diagonalization routines:
| QMMM:                              norbs =      118
| QMMM:    diag iterations used for timing =       10
| QMMM:
| QMMM:              Internal diag routine = 0.031167 seconds
| QMMM:                 Dspev diag routine = 0.035035 seconds
| QMMM:                Dspevd diag routine = 0.016726 seconds
| QMMM:                Dspevx diag routine = 0.078245 seconds
| QMMM:                 Dsyev diag routine = 0.033285 seconds
| QMMM:                Dsyevd diag routine = 0.013696 seconds
| QMMM:                Dsyevr diag routine = 0.018309 seconds
| QMMM:
| QMMM:                Pseudo diag routine = 0.015007 seconds
| QMMM: Pseudo diagonalization appears to be slower than regular
| QMMM: diagonalization. Setting pseudo_diag=0 for optimum performance.
| QMMM:
| QMMM: Using dsyevd routine (diag_routine=6).

  QMMM: QM Region Cartesian Coordinates (*=link atom) 
  QMMM: QM_NO.   MM_NO.  ATOM         X         Y         Z
  QMMM:     1        1      O        4.9580   -0.9790    5.1360
  QMMM:     2        2      C        4.1980    0.2170    5.0200
  QMMM:     3        3      C        3.0620    0.0440    4.0470
  QMMM:     4        4      C        2.4040   -1.1830    3.9000
  QMMM:     5        5      C        1.3240   -1.3170    3.0210
  QMMM:     6        6      C        0.8620   -0.2260    2.2700
  QMMM:     7        7      C       -0.2730   -0.3670    1.3430
  QMMM:     8        8      C       -1.4970   -0.8990    1.7760
  QMMM:     9        9      C       -2.5750   -1.0280    0.8930
  QMMM:    10       10      C       -3.8810   -1.5830    1.3230
  QMMM:    11       11      O       -4.8730   -1.6920    0.6270
  QMMM:    12       12      O       -3.8830   -1.9810    2.6070
  QMMM:    13       13      C       -2.4370   -0.6240   -0.4410
  QMMM:    14       14      C       -1.2290   -0.0890   -0.9110
  QMMM:    15       15      C       -1.0810    0.3330   -2.3150
  QMMM:    16       16      C       -0.0110   -0.1260   -3.1000
  QMMM:    17       17      C        0.1310    0.2720   -4.4340
  QMMM:    18       18      C       -0.8020    1.1350   -5.0190
  QMMM:    19       19      C       -0.6330    1.5900   -6.4430
  QMMM:    20       20      O        0.1590    2.7690   -6.5020
  QMMM:    21       21      C       -1.8650    1.6090   -4.2430
  QMMM:    22       22      C       -2.0040    1.2080   -2.9100
  QMMM:    23       23      C       -0.1620    0.0310   -0.0020
  QMMM:    24       24      C        1.5160    1.0060    2.4320
  QMMM:    25       25      C        2.5970    1.1410    3.3110
  QMMM:    26       26      H        5.6850   -0.7880    5.7500
  QMMM:    27       27      H        4.8740    1.0090    4.6810
  QMMM:    28       28      H        3.8000    0.4800    6.0050
  QMMM:    29       29      H        2.7390   -2.0500    4.4670
  QMMM:    30       30      H        0.8520   -2.2920    2.9210
  QMMM:    31       31      H       -1.6100   -1.2030    2.8160
  QMMM:    32       32      H       -4.7920   -2.3210    2.7470
  QMMM:    33       33      H       -3.2790   -0.7410   -1.1230
  QMMM:    34       34      H        0.7220   -0.8120   -2.6790
  QMMM:    35       35      H        0.9740   -0.0990   -5.0120
  QMMM:    36       36      H       -0.1490    0.8140   -7.0450
  QMMM:    37       37      H       -1.6050    1.7990   -6.9030
  QMMM:    38       38      H        0.3990    3.0120   -5.5920
  QMMM:    39       39      H       -2.5930    2.2960   -4.6690
  QMMM:    40       40      H       -2.8390    1.5980   -2.3320
  QMMM:    41       41      H        0.7850    0.4450   -0.3510
  QMMM:    42       42      H        1.1790    1.8800    1.8790
  QMMM:    43       43      H        3.0720    2.1140    3.4150

--------------------------------------------------------------------------------
  RESULTS
--------------------------------------------------------------------------------

      iter         sqm energy              rms gradient
      ----    -------------------    -----------------------
xmin    10     -118.2994 kcal/mol        0.7543 kcal/(mol*A)
xmin    20     -119.2334 kcal/mol        0.2508 kcal/(mol*A)
xmin    30     -119.5634 kcal/mol        1.3152 kcal/(mol*A)
xmin    40     -120.0025 kcal/mol        0.6962 kcal/(mol*A)
xmin    50     -120.3183 kcal/mol        0.0972 kcal/(mol*A)
xmin    60     -120.3928 kcal/mol        0.1784 kcal/(mol*A)
xmin    70     -120.4009 kcal/mol        0.0350 kcal/(mol*A)
xmin    80     -120.4035 kcal/mol        0.0266 kcal/(mol*A)
xmin    90     -120.4043 kcal/mol        0.0184 kcal/(mol*A)
xmin   100     -120.4054 kcal/mol        0.0139 kcal/(mol*A)
xmin   110     -120.4059 kcal/mol        0.0143 kcal/(mol*A)
xmin   120     -120.4059 kcal/mol        0.0037 kcal/(mol*A)
xmin   130     -120.4060 kcal/mol        0.0050 kcal/(mol*A)
xmin   140     -120.4060 kcal/mol        0.0032 kcal/(mol*A)
xmin   150     -120.4060 kcal/mol        0.0042 kcal/(mol*A)
xmin   160     -120.4060 kcal/mol        0.0012 kcal/(mol*A)
xmin   170     -120.4060 kcal/mol        0.0011 kcal/(mol*A)
xmin   170     -120.4060 kcal/mol        0.0004 kcal/(mol*A)
  ... geometry converged !
 
 Final MO eigenvalues (eV):
 -41.3641  -40.4657  -40.1949  -39.2174  -38.0695  -37.6172  -36.5257  -34.4702
 -33.7061  -31.8338  -31.7483  -31.1371  -30.4544  -26.9030  -26.8771  -25.8579
 -24.0314  -23.5345  -23.1996  -22.6885  -21.3474  -21.0142  -18.9131  -18.7597
 -18.5635  -18.3874  -17.2510  -17.1603  -16.9897  -16.6794  -16.3139  -16.2535
 -16.1075  -16.0336  -15.8993  -15.5026  -15.3769  -14.9499  -14.8687  -14.5669
 -14.4406  -14.3367  -13.8488  -13.7060  -13.6324  -13.4888  -13.1818  -12.8911
 -12.7179  -12.4502  -12.3741  -12.1305  -12.0325  -11.9453  -11.5788  -11.4812
 -11.3836  -10.5639  -10.3869   -9.9489   -9.8570   -9.3110   -9.0532   -0.5995
  -0.5132    0.1116    0.3062    0.3939    0.6457    1.4415    2.2038    2.3917
   2.6216    2.7877    3.1673    3.3294    3.3739    3.4723    3.5976    3.6516
   3.7144    3.7373    3.8052    3.8285    3.8525    3.8969    3.9178    3.9579
   4.0491    4.0521    4.0932    4.1909    4.2289    4.2888    4.4012    4.4735
   4.5451    4.6044    4.7655    4.8189    4.8779    4.9270    5.0324    5.0699
   5.0805    5.1762    5.2552    5.3280    5.3580    5.4676    5.4852    5.5236
   5.5934    5.8094    5.8885    6.0165    6.1543    6.6494

 Heat of formation   =       -120.40603635 kcal/mol  (       -5.22119754 eV)

 Total SCF energy    =     -97282.87974819 kcal/mol  (    -4218.50222229 eV)
 Electronic energy   =    -660195.68824722 kcal/mol  (   -28628.23330503 eV)
 Core-core repulsion =     562912.80849902 kcal/mol  (    24409.73108274 eV)
 
    Atomic Charges for Step       1 :
  Atom    Element       Mulliken Charge
     1      O                 -0.326
     2      C                  0.018
     3      C                 -0.075
     4      C                 -0.101
     5      C                 -0.118
     6      C                 -0.045
     7      C                 -0.048
     8      C                 -0.059
     9      C                 -0.115
    10      C                  0.352
    11      O                 -0.364
    12      O                 -0.316
    13      C                 -0.062
    14      C                 -0.050
    15      C                 -0.040
    16      C                 -0.117
    17      C                 -0.120
    18      C                 -0.118
    19      C                  0.013
    20      O                 -0.322
    21      C                 -0.122
    22      C                 -0.115
    23      C                 -0.078
    24      C                 -0.118
    25      C                 -0.132
    26      H                  0.204
    27      H                  0.073
    28      H                  0.073
    29      H                  0.157
    30      H                  0.138
    31      H                  0.161
    32      H                  0.246
    33      H                  0.162
    34      H                  0.138
    35      H                  0.147
    36      H                  0.118
    37      H                  0.073
    38      H                  0.200
    39      H                  0.135
    40      H                  0.140
    41      H                  0.144
    42      H                  0.135
    43      H                  0.132
 Total Mulliken Charge =      -0.000
 
                  X        Y        Z     TOTAL  
  QM DIPOLE     2.590    2.437    1.780    3.977
 
 Final Structure

  QMMM: QM Region Cartesian Coordinates (*=link atom) 
  QMMM: QM_NO.   MM_NO.  ATOM         X         Y         Z
  QMMM:     1        1      O        4.3924   -0.9476    5.7086
  QMMM:     2        2      C        4.2209    0.2170    4.9140
  QMMM:     3        3      C        3.0605    0.0278    3.9940
  QMMM:     4        4      C        2.2940   -1.1405    3.9992
  QMMM:     5        5      C        1.2165   -1.2763    3.1265
  QMMM:     6        6      C        0.8910   -0.2468    2.2334
  QMMM:     7        7      C       -0.2385   -0.3900    1.3164
  QMMM:     8        8      C       -1.4330   -0.9768    1.7544
  QMMM:     9        9      C       -2.5092   -1.1067    0.8714
  QMMM:    10       10      C       -3.7738   -1.7129    1.3037
  QMMM:    11       11      O       -4.8211   -1.8520    0.6612
  QMMM:    12       12      O       -3.7886   -2.1829    2.5865
  QMMM:    13       13      C       -2.4041   -0.6574   -0.4502
  QMMM:    14       14      C       -1.2122   -0.0725   -0.8954
  QMMM:    15       15      C       -1.0922    0.3967   -2.2747
  QMMM:    16       16      C        0.0953    0.1976   -2.9930
  QMMM:    17       17      C        0.2065    0.6438   -4.3070
  QMMM:    18       18      C       -0.8630    1.3001   -4.9239
  QMMM:    19       19      C       -0.7627    1.7643   -6.3404
  QMMM:    20       20      O        0.5680    1.9867   -6.7656
  QMMM:    21       21      C       -2.0492    1.5005   -4.2100
  QMMM:    22       22      C       -2.1649    1.0508   -2.8977
  QMMM:    23       23      C       -0.1363    0.0579   -0.0071
  QMMM:    24       24      C        1.6636    0.9241    2.2308
  QMMM:    25       25      C        2.7376    1.0601    3.1042
  QMMM:    26       26      H        5.1468   -0.7722    6.2830
  QMMM:    27       27      H        5.1545    0.4051    4.3136
  QMMM:    28       28      H        4.0346    1.1051    5.5805
  QMMM:    29       29      H        2.5482   -1.9540    4.6976
  QMMM:    30       30      H        0.6211   -2.2022    3.1348
  QMMM:    31       31      H       -1.5317   -1.3312    2.7938
  QMMM:    32       32      H       -4.6632   -2.5614    2.7763
  QMMM:    33       33      H       -3.2621   -0.7751   -1.1332
  QMMM:    34       34      H        0.9403   -0.3254   -2.5196
  QMMM:    35       35      H        1.1363    0.4760   -4.8737
  QMMM:    36       36      H       -1.1463    0.9659   -7.0360
  QMMM:    37       37      H       -1.3689    2.7008   -6.4857
  QMMM:    38       38      H        0.9592    2.6295   -6.1618
  QMMM:    39       39      H       -2.8964    2.0157   -4.6877
  QMMM:    40       40      H       -3.1017    1.2152   -2.3432
  QMMM:    41       41      H        0.8028    0.5183   -0.3540
  QMMM:    42       42      H        1.4125    1.7433    1.5401
  QMMM:    43       43      H        3.3355    1.9836    3.0971

           --------- Calculation Completed ----------

