            --------------------------------------------------------
                             AMBER SQM VERSION 19
 
                                     By
              Ross C. Walker, Michael F. Crowley, Scott Brozell,
                         Tim Giese, Andreas W. Goetz,
                        Tai-Sung Lee and David A. Case
 
            --------------------------------------------------------
 

--------------------------------------------------------------------------------
  QM CALCULATION INFO
--------------------------------------------------------------------------------

| QMMM: Citation for AMBER QMMM Run:
| QMMM: R.C. Walker, M.F. Crowley and D.A. Case, J. COMP. CHEM. 29:1019, 2008

QMMM: SINGLET STATE CALCULATION
QMMM: RHF CALCULATION, NO. OF DOUBLY OCCUPIED LEVELS = 39

| QMMM: *** Selected Hamiltonian *** 
| QMMM: AM1         

| QMMM: *** Parameter sets in use ***
| QMMM: O : M.J.S.DEWAR et al. JACS, 107, 3902, (1985)
| QMMM: C : M.J.S.DEWAR et al. JACS, 107, 3902, (1985)
| QMMM: H : M.J.S.DEWAR et al. JACS, 107, 3902, (1985)

| QMMM: *** SCF convergence criteria ***
| QMMM: Energy change                :  0.1D-09 kcal/mol
| QMMM: Error matrix |FP-PF|         :  0.1D+00 au
| QMMM: Density matrix change        :  0.5D-06
| QMMM: Maximum number of SCF cycles :     1000

| QMMM: *** Diagonalization Routine Information ***
| QMMM: Pseudo diagonalizations are allowed.
| QMMM: Auto diagonalization routine selection is in use.
| QMMM:
| QMMM: Timing diagonalization routines:
| QMMM:                              norbs =       70
| QMMM:    diag iterations used for timing =       15
| QMMM:
| QMMM:              Internal diag routine = 0.011313 seconds
| QMMM:                 Dspev diag routine = 0.012192 seconds
| QMMM:                Dspevd diag routine = 0.008141 seconds
| QMMM:                Dspevx diag routine = 0.035002 seconds
| QMMM:                 Dsyev diag routine = 0.009290 seconds
| QMMM:                Dsyevd diag routine = 0.004616 seconds
| QMMM:                Dsyevr diag routine = 0.006823 seconds
| QMMM:
| QMMM:                Pseudo diag routine = 0.002748 seconds
| QMMM:
| QMMM: Using dsyevd routine (diag_routine=6).

  QMMM: QM Region Cartesian Coordinates (*=link atom) 
  QMMM: QM_NO.   MM_NO.  ATOM         X         Y         Z
  QMMM:     1        1      O       -4.2210   -1.5740   -2.6190
  QMMM:     2        2      C       -3.5850   -0.4690   -3.2600
  QMMM:     3        3      C       -3.3430    0.6420   -2.2440
  QMMM:     4        4      O       -2.4950    0.1150   -1.2180
  QMMM:     5        5      C       -2.2480    1.0810   -0.1890
  QMMM:     6        6      C       -1.4020    0.4450    0.9150
  QMMM:     7        7      O       -2.2150   -0.4700    1.6590
  QMMM:     8        8      C       -1.5820   -0.9610    2.8460
  QMMM:     9        9      C       -0.4020   -1.8920    2.5580
  QMMM:    10       10      O        0.7790   -1.1130    2.3370
  QMMM:    11       11      C        1.8860   -1.9330    1.9770
  QMMM:    12       12      C        3.0620   -1.0310    1.7840
  QMMM:    13       13      C        3.7900   -0.9550    0.6620
  QMMM:    14       14      H       -3.7320   -1.6960   -1.7800
  QMMM:    15       15      H       -2.6390   -0.8300   -3.6760
  QMMM:    16       16      H       -4.2260   -0.1240   -4.0750
  QMMM:    17       17      H       -4.2940    0.9510   -1.7960
  QMMM:    18       18      H       -2.8590    1.4990   -2.7230
  QMMM:    19       19      H       -3.2040    1.4250    0.2210
  QMMM:    20       20      H       -1.7070    1.9270   -0.6260
  QMMM:    21       21      H       -1.0300    1.2280    1.5850
  QMMM:    22       22      H       -0.5650   -0.0960    0.4640
  QMMM:    23       23      H       -2.3510   -1.5280    3.3800
  QMMM:    24       24      H       -1.2870   -0.1150    3.4780
  QMMM:    25       25      H       -0.6100   -2.5080    1.6760
  QMMM:    26       26      H       -0.2270   -2.5360    3.4270
  QMMM:    27       27      H        1.6550   -2.4910    1.0630
  QMMM:    28       28      H        2.1000   -2.6410    2.7860
  QMMM:    29       29      H        3.3220   -0.3960    2.6280
  QMMM:    30       30      H        4.6300   -0.2700    0.5920
  QMMM:    31       31      H        3.5640   -1.5630   -0.2080

--------------------------------------------------------------------------------
  RESULTS
--------------------------------------------------------------------------------

      iter         sqm energy              rms gradient
      ----    -------------------    -----------------------
xmin    10     -179.7996 kcal/mol        0.4665 kcal/(mol*A)
xmin    20     -179.9697 kcal/mol        0.1302 kcal/(mol*A)
xmin    30     -180.1970 kcal/mol        0.1221 kcal/(mol*A)
xmin    40     -180.3902 kcal/mol        0.2265 kcal/(mol*A)
xmin    50     -180.5444 kcal/mol        0.4233 kcal/(mol*A)
xmin    60     -180.6754 kcal/mol        0.1160 kcal/(mol*A)
xmin    70     -180.7059 kcal/mol        0.0772 kcal/(mol*A)
xmin    80     -180.7425 kcal/mol        0.0812 kcal/(mol*A)
xmin    90     -180.7516 kcal/mol        0.1020 kcal/(mol*A)
xmin   100     -180.7684 kcal/mol        0.0884 kcal/(mol*A)
xmin   110     -180.7771 kcal/mol        0.1519 kcal/(mol*A)
xmin   120     -180.7942 kcal/mol        0.1023 kcal/(mol*A)
xmin   130     -180.8001 kcal/mol        0.0358 kcal/(mol*A)
xmin   140     -180.8136 kcal/mol        0.0132 kcal/(mol*A)
xmin   150     -180.8156 kcal/mol        0.0435 kcal/(mol*A)
xmin   160     -180.8165 kcal/mol        0.0129 kcal/(mol*A)
xmin   170     -180.8171 kcal/mol        0.0147 kcal/(mol*A)
xmin   180     -180.8183 kcal/mol        0.0286 kcal/(mol*A)
xmin   190     -180.8187 kcal/mol        0.0147 kcal/(mol*A)
xmin   200     -180.8190 kcal/mol        0.0234 kcal/(mol*A)
xmin   210     -180.8191 kcal/mol        0.0031 kcal/(mol*A)
xmin   220     -180.8191 kcal/mol        0.0019 kcal/(mol*A)
xmin   230     -180.8191 kcal/mol        0.0019 kcal/(mol*A)
xmin   240     -180.8192 kcal/mol        0.0021 kcal/(mol*A)
xmin   250     -180.8192 kcal/mol        0.0016 kcal/(mol*A)
xmin   260     -180.8192 kcal/mol        0.0026 kcal/(mol*A)
xmin   270     -180.8192 kcal/mol        0.0016 kcal/(mol*A)
xmin   280     -180.8192 kcal/mol        0.0036 kcal/(mol*A)
xmin   290     -180.8192 kcal/mol        0.0010 kcal/(mol*A)
  ... geometry converged !
 
 Final MO eigenvalues (eV):
 -39.9689  -39.3393  -38.2732  -37.2342  -34.4294  -31.8518  -30.2168  -28.8439
 -26.5620  -23.8141  -23.4310  -23.0000  -20.7605  -18.2826  -18.1889  -17.8542
 -17.5777  -17.1240  -16.6204  -16.3173  -15.9657  -15.2453  -15.0915  -14.9528
 -14.3178  -13.8429  -13.6110  -13.3145  -13.0883  -12.6341  -12.4109  -12.1131
 -12.0230  -11.8359  -10.9672  -10.9307  -10.6947  -10.5437  -10.0519    1.1827
   2.5658    2.7210    3.0548    3.6833    3.7799    3.8633    3.8680    3.9578
   3.9802    4.0480    4.0818    4.0992    4.1306    4.1505    4.2520    4.2773
   4.3399    4.4523    4.4980    4.5550    4.6715    4.6925    4.7836    4.8699
   5.4667    5.6171    6.0360    6.0807    6.2396    6.4746

 Heat of formation   =       -180.81920607 kcal/mol  (       -7.84090916 eV)

 Total SCF energy    =     -61859.01661270 kcal/mol  (    -2682.40824824 eV)
 Electronic energy   =    -327629.03671817 kcal/mol  (   -14207.06112997 eV)
 Core-core repulsion =     265770.02010546 kcal/mol  (    11524.65288173 eV)
 
    Atomic Charges for Step       1 :
  Atom    Element       Mulliken Charge
     1      O                 -0.328
     2      C                 -0.018
     3      C                 -0.064
     4      O                 -0.293
     5      C                 -0.022
     6      C                 -0.030
     7      O                 -0.282
     8      C                 -0.021
     9      C                 -0.057
    10      O                 -0.288
    11      C                  0.003
    12      C                 -0.160
    13      C                 -0.224
    14      H                  0.213
    15      H                  0.076
    16      H                  0.106
    17      H                  0.083
    18      H                  0.073
    19      H                  0.092
    20      H                  0.071
    21      H                  0.075
    22      H                  0.111
    23      H                  0.109
    24      H                  0.091
    25      H                  0.089
    26      H                  0.072
    27      H                  0.079
    28      H                  0.075
    29      H                  0.141
    30      H                  0.117
    31      H                  0.111
 Total Mulliken Charge =      -0.000
 
                  X        Y        Z     TOTAL  
  QM DIPOLE     0.681    0.976    0.733    1.397
 
 Final Structure

  QMMM: QM Region Cartesian Coordinates (*=link atom) 
  QMMM: QM_NO.   MM_NO.  ATOM         X         Y         Z
  QMMM:     1        1      O       -2.9326   -1.8010   -2.7684
  QMMM:     2        2      C       -2.8307   -0.4496   -3.1650
  QMMM:     3        3      C       -3.3090    0.4969   -2.0687
  QMMM:     4        4      O       -2.3732    0.3683   -1.0010
  QMMM:     5        5      C       -2.7261    1.1632    0.1297
  QMMM:     6        6      C       -1.7121    0.8450    1.2223
  QMMM:     7        7      O       -2.3523   -0.0618    2.1203
  QMMM:     8        8      C       -1.4673   -0.6289    3.0738
  QMMM:     9        9      C       -0.5708   -1.6963    2.4536
  QMMM:    10       10      O        0.6493   -1.0531    2.0918
  QMMM:    11       11      C        1.5723   -1.9550    1.4776
  QMMM:    12       12      C        2.8121   -1.1866    1.1823
  QMMM:    13       13      C        3.8714   -1.7302    0.5891
  QMMM:    14       14      H       -2.4513   -1.8862   -1.9350
  QMMM:    15       15      H       -1.7699   -0.2095   -3.4430
  QMMM:    16       16      H       -3.4945   -0.3570   -4.0649
  QMMM:    17       17      H       -4.3332    0.2083   -1.7134
  QMMM:    18       18      H       -3.3216    1.5554   -2.4379
  QMMM:    19       19      H       -3.7676    0.9143    0.4658
  QMMM:    20       20      H       -2.6675    2.2480   -0.1509
  QMMM:    21       21      H       -1.4415    1.7786    1.7828
  QMMM:    22       22      H       -0.7853    0.3778    0.7942
  QMMM:    23       23      H       -2.1545   -1.1036    3.8249
  QMMM:    24       24      H       -0.8469    0.1676    3.5621
  QMMM:    25       25      H       -1.0535   -2.1401    1.5431
  QMMM:    26       26      H       -0.3583   -2.5073    3.1996
  QMMM:    27       27      H        1.1171   -2.3661    0.5352
  QMMM:    28       28      H        1.7850   -2.8069    2.1802
  QMMM:    29       29      H        2.7903   -0.1285    1.4918
  QMMM:    30       30      H        4.7805   -1.1529    0.3772
  QMMM:    31       31      H        3.9056   -2.7816    0.2749

           --------- Calculation Completed ----------

